[    0.00000 Initializing cgroup subsys cpuset
[    0.000000] Initializing cgroup subsys cpu
[    0.000000] Initializing cgroup subsys cpuacct
[    0.000000] Linux version 4.4.0-127-generic (buildd@lcy01-amd64-023) (gcc version 5.4.0 20160609 (Ubuntu 5.4.0-6ubuntu1~16.04.9) ) #153-Ubuntu SMP Sat May 19 10:58:46 UTC 2018 (Ubuntu 4.4.0-127.153-generic 4.4.128)
[   .00000] Command line: BOOT_IMAGE=/boot/vmlinuz-4.4.0-127-generic root=UUID=b69fcaa8-51c4-4097-b089-4973e52fd39b ro console=tty1 console=ttyS0
[    0.000000] KERNEL supported cpus:
[    0.000000]   Intel GenuineIntel
[    0.000000]   AMD AuthenticAMD
[    0.000000]   Centaur CentaurHauls
[    0.000000] x86/fpu: Legacy x87 FPU detected.
[    0.000000] x86/fpu: Usig 'lazy' FPU context switches.
[    0.000000] e820: BIOS-provided physical RAM map:
[    0.000000] BIOS-e820: [mem 0x0000000000000000-0x000000000009fbff] usable
[    0.000000] BIOS-e820: [mem 0x000000000009fc00-0x000000000009ffff] reserved
[    0.000000BIOS-e820: [mem 0x00000000000f0000-0x00000000000fffff] reserve
[    000000] BIOS-e820: [mem 0x0000000000100000-0x00000003ffefff] usable
[    0.000000] IOS-e820: [mem 0x000000003fff0000-0x000000003fffffff] ACPI data
[    0.000000] BIOS-e820: [mem 0x00000000fec00000-0x00000000fec00fff] reserved
[    0.000000] BIOS-e820: [mem 0x00000000fee00000-0x00000000fee00fff] reserved
[    0.000000] BIOS-e820: [mem 0x00000000fffc0000-0x00000000ffffffff] eservd
    .000000] NX (Execute Disable) protection: active
[    0.000000] SMBIOS 2.5 present.
[    0.000000] Hypervisor detected: KVM
[    0.000000] e820: last_pfn =0x3fff0 max_arch_pfn = 0x400000000
[    0.000000] MTRR: Disabled
[    0.000000] x86/PAT: MTRs disabled, skipping PAT initialization too.
[    0.000000] CPU MTRRs all blank - virtualized system.
[    0.000000] x86/PAT: Configuration [-7]: WB  WT  UC- UC  WB  WT  UC- UC  
[    0.000000] found SMP MP-table at [mem 0x0009fff0-0x0009ffff] mapped at [ffff88000009fff0]
[    0.000000] Scanning 1 areas for low memory corruption
[    0.000000] RAMDISK: [mem 0x361f4000-0x370f1fff]
[    0.000000] ACPI: Early table checksum verification disabled
[    0.000000] ACP: RSDP 0x00000000000E0000 000024 (v02 VBOX  )
[    0.000000] ACPI: XSDT 0x000000003FFF0030 00003C (v01 VBOX   VBOXXSDT 00000001 ASL  00000061)
    0.000000] ACPI: FACP 0x000000003FFF00F0 0000F4 (v04 VBOX   VBOXXFACP 00000001 ASL  0000061)
[    0.000000] ACPI: DSDT 0x000000003FFF0470 0021FF (v02 VBOX   VBOXBIOS 00000002 INTL 20160831)
[    0.00000] ACPI: FACS 0x000000003FFF0200 000040
[    0.000000] ACPI: FACS 0x000000003FFF0200 000040
[    0.000000] ACPI: APIC 0x000000003FFF0240 00005C (v02 VBOX   VBOXAPIC 00000001 ASL  00000061)
[    0.000000] ACPI: SSDT 0x000000003FFF02A0 0001CC (v01 VBOX   VBOXCPUT 00000002 INTL 20160831)
[    0.000000] No NUMA configuration found
[    0.000000] Faking a node at [mem 0x0000000000000000-0x0000003ffeffff]
[    0.000000] NODE_DATA(0) allocated [mem 0x3ffeb000-0x3ffeffff]
[    0.000000] kvm-clock: Using msrs 4b564d01 and 4b564d00
[    0.000000] kvm-clock: cpu 0, msr 0:3ffe3001, primary cpu clock
[    0.000000] kvm-clock: using sched offset of 5113086671 ccles
[    0.000000] clocksource: kvm-clock: mask: 0xffffffffffffffff max_cycls: 0x1cd42e4dffb, max_idle_ns: 88159051483 ns
[    0.000000] Zone ranges:
[    0.000000]   DMA      [mem0x000000000001000-0x0000000000ffffff]
[    0.000000]   DMA32    [mem 0x0000000001000000-0x000000003ffeffff]
[    0.000000]   Nrmal   empty
[    0.000000   Device   empty
[    0.000000] Movable zone start for each node
[    0.000000] Early memory node ranges
[    0.000000]   node   0: [mem 0x0000000000001000-0x000000000009efff]
[    0.000000]   node   0: [mem 0x0000000000100000-0x000000003ffeffff]
[    0.000000] Initmem setup node 0 [mem 0x0000000000010000x000000ffeffff]
[    0.000000] ACPI: PM-Timer IO Port: 0x4008
[    0.000000] IOAPIC[0]: apic_id 2, version 32, address 0xfec00000, GSI 0-23
[    0.000000] ACPI: INT_SRC_OVR (bus 0 bus_irq 0 global_irq 2 dfl dfl)
[    0.000000] ACPI: INT_SRC_OVR (bus 0 bus_irq 9 global_irq 9 low level)
[    0.000000] Using ACPI (MADT) for SMP configuration informatin
[    0.000000] smpboot: Allowing 2 CPUs, 0 hotplug CPUs
[    0.000000] PM: Registered nosave memory: [mem 0x00000000-0x00000fff]
[    0.000000] PM: Registered nosave memory: [mem 0x0009f000-0x0009ffff]
[    0.000000] PM: Registered nosave memory: [mem 0x000a0000-0x000effff]
[    0.000000] PM: Registered nosave memory: [mem 0x000f0000-0x000fffff]
[    0.000000] e820: [mem 0x4000000-0xfebfffff] available for PCI devices
[    0.00000] Boting paravirtualized kernel on KVM
[    0.000000] clocksource: refined-jiffies: mask: 0xffffffff max_cycles: 0xffffffff, max_idle_ns: 7645519600211568 ns
[    0.000000] setup_percpu: NRCPUS:512 nr_cpumask_bits:512 nr_cpu_ids:2 nr_ode_ids:1
[    0.000000] PERCPU: Embedded 34 pages/cpu @ffff88003fc00000 s9944 r8192 d3128 u1048576
[    0.000000] PV qspinlock hash table entries: 256 (order: 0, 4096 bytes)
[    0.000000] Built 1 zonelists in Node order, mobility grouping on.  Total pages: 257912
[    0.000000] Policy zone: DMA32
[    0.000000] Kernel command line: OOT_IMAGE=/boot/vmlinuz-4.4.0-127-generic root=UUID=b69fcaa8-51c4-4097-b089-4973e52fd39b ro console=ty1 console=ttyS0
[    0.000000] PID hash table entrs:: 4096 (order: 3, 32768 bytes)
[    0.000000] Memory: 997168K/148120K available 857K keel code, 131K rwdata, 4000Krodata, 1512K init, 1316K bss, 50952K reserved, 0K cma-reserved)
[    0.000000] SLUB: HWalign=64, Order=0-3, MinObjects=0, CPUs=2, Nodes=1
[    0.000000] Kernel/User page tables isolation: enabled
[    0.000000] Hierarchical RCU implementation.
[    0.000000] 	Buid-time adjustment of leaf fanout o 64.[    0.000000] 	RCU restricting CPUs from NR_CPUS=512 to nr_cpu_ids=2.
[    0.000000] RC: Adjusting geometry for rcu_fanout_eaf=64, nr_cpu_ids=2
[    0.000000] NR_IRQS:33024 nr_irqs:440 16
[    0.000000] Console: colour VGA+ 80x25
[    0.000000] console [tty1] enabled
[    0.000000] console [ttyS0] enabled
[    0.000000] tsc: Detected 3158.730 MHz processor
[    2.042877] Calibrating delay loop (skipped) preset value.. 6317.46 BogoMIPS (lpj=12634920)
[    2.056383] pid_max: default: 32768 minimum: 301
[    2.141014] ACPI: Core revision 20150930
[    2.167486] ACPI: 2 ACPI AML tables successfully acquired and loaded
[    2.178696] Security Framework initialized
[    2.180028] Yama: becoming mindful.
[    2.182408] AppArmor: AppArmor initialized
[    2.183884] Dentry cache hash table entries: 131072 (order: 8, 1048576 bytes)
[    2.192926] Inode-cache hash table entries: 65536 (order: 7, 524288 bytes)
[    2.195064] Mount-cache hash table entries: 2048 (order: 2, 16384 bytes)
[    2.249920] Mountpoint-cache hash table entries: 2048 (order: 2, 16384 bytes)
[    2.258060] Initializing cgroup subsys io
[    2.259388] Initializing cgroup subsys memory
[    2.260784] Initializing cgroup subsys devices
[    2.270463] Initializing cgroup subsys freezer
[    2.289416] Initializing cgroup subsys net_cls
[    2.298440] Initializing cgroup subsys perf_event
[    2.321344] Initializing cgroup subsys net_prio
[    2.332515] Initializing cgroup subsys hugetlb
[    2.356373] Initializing cgroup subsys pids
[    2.413368] CPU: Physical Processor ID: 0
[    2.420067] CPU: Processor Core ID: 0
[    2.425319] mce: CPU supports 0 MCE banks
[    2.452303] Last level iTLB entries: 4KB 128, 2MB 4, 4MB 4
[    2.493473] Last level dTLB entries: 4KB 256, 2MB 0, 4MB 32, 1GB 0
[    2.516188] Spectre V2 : Mitigation: Full generic retpoline
[    2.522999] Spectre V2 : Speculation control IBPB not-supported IBRS not-supported
[    2.534006] Speculative Store Bypass: Vulnerable
[    2.538701] Freeing SMP alternatives memory: 32K
[    2.552684] ftrace: allocating 32237 entries in 126 pages
[    2.617470] smpboot: APIC(0) Converting physical 0 to logical package 0
[    2.629890] smpboot: Max logical packages: 1
[    2.631809] x2apic enabled
[    2.633355] Switched APIC routing to physical x2apic.
[    2.637130] ..TIMER: vector=0x30 apic1=0 pin1=2 apic2=-1 pin2=-1
[    2.744583] smpboot: CPU0: Intel(R) Core(TM)2 Duo CPU     E8500  @ 3.16GHz (family: 0x6, model: 0x17, stepping: 0xa)
[    2.750346] Performance Events: unsupported p6 CPU model 23 no PMU driver, software events only.
[    2.753435] KVM setup paravirtual spinlock
[    2.756492] x86: Booting SMP configuration:
[    2.763087] .... node  #0, CPUs:      #1
[    2.769821] kvm-clock: cpu 1, msr 0:3ffe3041, secondary cpu clock
[    2.781018] mce: CPU supports 0 MCE banks
[    2.784607] x86: Booted up 1 node, 2 CPUs
[    2.786386] smpboot: Total of 2 processors activated (12634.92 BogoMIPS)
[    2.794192] devtmpfs: initialized
[    2.797885] evm: security.selinux
[    2.809735] evm: security.SMACK64
[    2.810897] evm: security.SMACK64EXEC
[    2.822658] evm: security.SMACK64TRANSMUTE
[    2.823967] evm: security.SMACK64MMAP
[    2.836035] evm: security.ima
[    2.837796] evm: security.capability
[    2.840069] clocksource: jiffies: mask: 0xffffffff max_cycles: 0xffffffff, max_idle_ns: 7645041785100000 ns
[    2.845184] futex hash table entries: 512 (order: 3, 32768 bytes)
[    2.848484] pinctrl core: initialized pinctrl subsystem
[    2.851401] RTC time: 12:14:30, date: 06/14/18
[    2.854228] NET: Registered protocol family 16
[    2.866538] cpuidle: using governor ladder
[    2.881153] cpuidle: using governor menu
[    2.882628] PCCT header not found.
[    2.883894] ACPI: bus type PCI registered
[    2.885217] acpiphp: ACPI Hot Plug PCI Controller Driver version: 0.5
[    2.895072] PCI: Using configuration type 1 for base access
[    2.916810] ACPI: Added _OSI(Module Device)
[    2.920731] ACPI: Added _OSI(Processor Device)
[    2.924447] ACPI: Added _OSI(3.0 _SCP Extensions)
[    2.928368] ACPI: Added _OSI(Processor Aggregator Device)
[    2.935211] ACPI: Executed 1 blocks of module-level executable AML code
[    2.940031] ACPI: Interpreter enabled
[    2.965508] ACPI: (supports S0 S5)
[    2.992125] ACPI: Using IOAPIC for interrupt routing
[    3.009684] PCI: Using host bridge windows from ACPI; if necessary, use "pci=nocrs" and report a bug
[    3.017067] ACPI: PCI Root Bridge [PCI0] (domain 0000 [bus 00-ff])
[    3.018819] acpi PNP0A03:00: _OSC: OS supports [ASPM ClockPM Segments MSI]
[    3.020763] acpi PNP0A03:00: _OSC: not requesting OS control; OS requires [ExtendedConfig ASPM ClockPM MSI]
[    3.031500] acpi PNP0A03:00: fail to add MMCONFIG information, can't access extended PCI configuration space under this bridge.
[    3.104017] PCI host bridge to bus 0000:00
[    3.122942] pci_bus 0000:00: root bus resource [io  0x0000-0x0cf7 window]
[    3.170884] pci_bus 0000:00: root bus resource [io  0x0d00-0xffff window]
[    3.285487] pci_bus 0000:00: root bus resource [mem 0x000a0000-0x000bffff window]
[    3.304158] pci_bus 0000:00: root bus resource [mem 0x40000000-0xfdffffff window]
[    3.306634] pci_bus 0000:00: root bus resource [bus 00-ff]
[    3.310271] pci 0000:00:01.1: legacy IDE quirk: reg 0x10: [io  0x01f0-0x01f7]
[    3.345656] pci 0000:00:01.1: legacy IDE quirk: reg 0x14: [io  0x03f6]
[    3.491205] pci 0000:00:01.1: legacy IDE quirk: reg 0x18: [io  0x0170-0x0177]
[    3.563178] pci 0000:00:01.1: legacy IDE quirk: reg 0x1c: [io  0x0376]
[    3.664810] pci 0000:00:07.0: quirk: [io  0x4000-0x403f] claimed by PIIX4 ACPI
[    3.679175] pci 0000:00:07.0: quirk: [io  0x4100-0x410f] claimed by PIIX4 SMB
[    3.694677] ACPI: PCI Interrupt Link [LNKA] (IRQs 5 9 10 *11)
[    3.707046] ACPI: PCI Interrupt Link [LNKB] (IRQs 5 9 *10 11)
[    3.732154] ACPI: PCI Interrupt Link [LNKC] (IRQs 5 *9 10 11)
[    3.741007] ACPI: PCI Interrupt Link [LNKD] (IRQs 5 9 10 *11)
[    3.743458] ACPI: Enabled 2 GPEs in block 00 to 07
[    3.752917] vgaarb: setting as boot device: PCI:0000:00:02.0
[    3.754643] vgaarb: device added: PCI:0000:00:02.0,decodes=io+mem,owns=io+mem,locks=none
[    3.759524] vgaarb: loaded
[    3.760561] vgaarb: bridge control possible 0000:00:02.0
[    3.762829] SCSI subsystem initialized
[    3.764538] ACPI: bus type USB registered
[    3.771335] usbcore: registered new interface driver usbfs
[    3.778319] usbcore: registered new interface driver hub
[    3.779923] usbcore: registered new device driver usb
[    3.791782] PCI: Using ACPI for IRQ routing
[    3.793864] NetLabel: Initializing
[    3.795061] NetLabel:  domain hash size = 128
[    3.813844] NetLabel:  protocols = UNLABELED CIPSOv4
[    3.816247] NetLabel:  unlabeled traffic allowed by default
[    3.834338] amd_nb: Cannot enumerate AMD northbridges
[    3.843825] clocksource: Switched to clocksource kvm-clock
[    3.88473] AppArmor: AppArmor Filesystem Enabled
[    3.930857] pnp: PnP ACPI init
[    3.933044] pnp: PnP ACPI: found 3 devices

[    3.951803] clocksource: acpi_pm: mask: 0xffffff max_cycles: 0xffffff, max_idle_ns: 2085701024 ns
[    3.957099] NET: Registered protocol family 2
[    3.960760] TCP established hash table entries: 8192 (order: 4, 65536 bytes)
[    3.964831] TCP bind hash table entries: 8192 (order: 5, 131072 bytes)
[    3.968571] TCP: Hash tables configured (established 8192 bind 8192)
[    3.972105] UDP hash table entries: 512 (order: 2, 16384 bytes)
[    3.975854] UDP-Lite hash table entries: 512 (order: 2, 16384 bytes)
[    3.979774] NET: Registered protocol family 1
[    3.983132] pci 0000:00:00.0: Limiting direct PCI/PCI transfers
[    3.987903] pci 0000:00:01.0: Activating ISA DMA hang workarounds
[    3.993166] Unpacking initramfs...
[    4.2607] Freeing initrd memory: 15352K

[    4.319443] platform rtc_cmos: registered platform RTC device (no PNP device found)
[    4.343606] Scanning for low memory corruption every 60 seconds
[    4.356458] audit: initializing netlink subsys (disabled)
[    4.358104] audit: type=2000 audit(1528978475.578:1): initialized
[    4.364093] Initialise system trusted keyring
[    4.368526] HugeTLB registered 2 MB page size, pre-allocated 0 pages
[    4.373630] zbud: loaded
[    4.375130] VS: Disk quotas dquot_6.6.0
[    4.411314] VFS: Dquot-cache hash table entries: 512 (order 0, 4096 bytes)
[    4.413674] squashfs: version 4.0 (2009/01/31) Phillip Lougher

[    4.416047] fuse init (APIversion 7.23)

[    4.461894] Key type big_key registered
[    4.463273] Allocating IMA MOK and blacklist keyrings.
[    4.471739] Key type asymmetric registered
[    4.548655] Asymmetric key parser 'x509' registered
[    4.558379] Block layer SCSI generic (bsg) driver version 0.4 loaded (major 249)
[    4.561041] io scheduler noop registered
[    4.591833] io scheduler deadline registered (default)
[    4.630613] io scheduler cfq registered
[    4.693053] pci_hotplug: PCI Hot Plug PCI Core version: 0.5
[    4.711939] pciehp: PCI Express Hot Plug Controller Driver version: 0.4
[    4.804969] ACPI: AC Adapter [AC] (on-line)
[    4.81932] input: Power Button as /devices/LNXSYSTM:00/LNXPWRBN:00/input/input0
[    4.911555] ACPI: Power Button [PWRF]
[    4.912872] input: Sleep Button as /devices/LNXSYSTM:00/LNXSLPBN:00/input/input1
[    4.91502] ACPI: Sleep Button [SLPF]

[    4.945117] GHES: HEST is not enabled!
[    4.951952] Serial: 8250/16550 driver, 32 ports, IRQ sharing enabled
[   4.97648] 00:02: ttyS0 at I/O 0x3f8 (irq = 4, base_baud = 115200) is a 16550A

[    5.044004] Linux agpgart interface v0.103
[    5.068441] loop: module loaded
[    5.073649] scsi host0: ata_piix
[    5.077759] scsi host1: ata_piix
[    5.080060] ata1: PATA max UDMA/33 cmd 0x1f0 ctl 0x3f6 bmdma 0xd000 irq 14
[    5.083590] ata2: PATA max UDMA/33 cmd 0x170 ctl 0x376 bmdma 0xd008 irq 15
[    5.088441] libphy: Fixed MDIO Bus: probed
[    5.098317] tun: Universal TUN/TAP device driver, 1.6
[    5.101470] tun: (C) 1999-2004 Max Krasnyansky <maxk@qualcomm.com>
[    5.107779] PPP generic driver version 2.4.2
[    5.111586] ehci_hcd: USB 2.0 'Enhanced' Host Controller (EHCI) Driver
[    5.115996] ehci-pci: EHCI PCI platform driver
[    5.119072] ehci-platform: EHCI generic platform driver
[    5.122665] ohci_hcd: USB 1.1 'Open' Host Controller (OHCI) Driver
[    5.127914] ohci-pci: OHCI PCI platform driver
[    5.131251] ohci-platform: OHCI generic platform driver
[    5.134770] uhci_hcd: USB Universal Host Controller Interface driver
[    5.139410] i8042: PNP: PS/2 Controller [PNP0303:PS2K,PNP0f03:PS2M] at 0x60,0x64 irq 1,12
[    5.145711] serio: i8042 KBD port at 0x60,0x64 irq 1
[    5.148801] serio: i8042 AUX port at 0x60,0x64 irq 12
[    5.152900] mousedev: PS/2 mouse device common for all mice
[    5.162219] input: AT Translated Set 2 keyboard as /devices/platform/i8042/serio0/input/input2
[    5.235214] rtc_cmos rtc_cmos: rtc core: registered rtc_cmos as rtc0
[    5.238325] rtc_cmos rtc_cmos: alarms up to one day, 114 bytes nvram
[    5.24242] i2c /dev entries driver

[    5.292055 device-mapper: uevent: version 1.0.3

[    5.332373] device-mapper: ioctl: 4.34.0-ioctl (2015-10-28) initialised: dm-devel@redhat.com
[    5.335076] ledtrig-cpu: registered to indicate activity on CPUs
[    5.337625] NET: Registered protocol family 10
[    5.339455] NET: Registered protocol family 17
[    5.396724] tsc: Refined TSC clocksource calibration: 3160.661 MHz
[    5.403909] Key type dns_resolver registered
[    5.404294] registered taskstats version 1
[    5.404324] Loading compiled-in X.509 certificates
[    5.405287] Loaded X.509 cert 'Build time autogenerated kernel key: 9f6f572a3ee0cb468eb8db4aa61815bc74ef6adb'
[    5.405328] zswap: loaded using pool lzo/zbud
[    5.510713] Key type trusted registered
[    5.521985] clocksource: tsc: mask: 0xffffffffffffffff max_cycles: 0x2d8f2042cbf, max_idle_ns: 440795345025 ns
[    5.538112] Key type encrypted registered
[    5.539636] AppArmor: AppArmor sha1 policy hashing enabled
[    5.541538] ima: No TPM chip found, activating TPM-bypass!
[    5.543339] evm: HMAC attrs: 0x1
[    5.545048]   Magic number: 6:491:228
[    5.547056] rtc_cmos rtc_cmos: setting system clock to 2018-06-14 12:14:33 UTC (1528978473)
[    5.587482] BIOS EDD facility v0.16 2004-Jun-25, 0 devices found
[    5.589365] EDD information not available.
[    5.647608] Freeing unused kernel memory: 1512K
[    5.649227] Write protecting the kernel read-only data: 14336k
[    5.665241] Freeing unused kernel memory: 1692K
[    5.671529] Freeing unused kernel memory: 96K
Loading, please wait...
starting version 229
[    5.831900] random: systemd-udevd: uninitialized urandom read (16 bytes read, 3 bits of entropy available)
[    5.839723] random: systemd-udevd: uninitialized urandom read (16 bytes read, 3 bits of entropy available)
[    5.842228] random: udevadm: uninitialized urandom read (16 bytes read, 3 bits of entropy available)
[    5.842391] random: udevadm: uninitialized urandom read (16 bytes read, 3 bits of entropy available)
[    5.858834] random: systemd-udevd: uninitialized urandom read (16 bytes read, 3 bits of entropy available)
[    5.865184] random: systemd-udevd: uninitialized urandom read (16 bytes read, 3 bits of entropy available)
[    5.890399] random: systemd-udevd: uninitialized urandom read (16 bytes read, 3 bits of entropy available)
[    5.896675] random: systemd-udevd: uninitialized urandom read (16 bytes read, 3 bits of entropy available)
[    5.904128] random: systemd-udevd: uninitialized urandom read (16 bytes read, 3 bits of entropy available)
[    5.915502] random: systemd-udevd: uninitialized urandom read (16 bytes read, 3 bits of entropy available)
[    6.226077] e1000: Intel(R) PRO/1000 Network Driver - version 7.3.21-k8-NAPI
[    6.234899] e1000: Copyright (c) 1999-2006 Intel Corporation.
[    6.268117] Fusion MPT base driver 3.04.20
[    6.278030] Copyright (c) 1999-2008 LSI Corporation
[    6.312669] Fusion MPT SPI Host driver 3.04.20
[    6.526821] input: ImExPS/2 Generic Explorer Mouse as /devices/platform/i8042/serio1/input/input4
[    6.808565] e1000 0000:00:03.0 eth0: (PCI:33MHz:32-bit) 02:39:99:10:d1:5e
[    6.810590] e1000 0000:00:03.0 eth0: Intel(R) PRO/1000 Network Connection
[    6.816855] mptbase: ioc0: Initiating bringup
[    6.880468] ioc0: LSI53C1030 A0: Capabilities={Initiator}
[    7.054914] scsi host2: ioc0: LSI53C1030 A0, FwRev=00000000h, Ports=1, MaxQ=256, IRQ=20
[    7.185610] scsi 2:0:0:0: Direct-Access     VBOX     HARDDISK         1.0  PQ: 0 ANSI: 5
[    7.192340] scsi target2:0:0: Beginning Domain Validation
[    7.195684] scsi target2:0:0: Domain Validation skipping write tests
[    7.197641] scsi target2:0:0: Ending Domain Validation
[    7.199352] scsi target2:0:0: asynchronous
[    7.201701] scsi 2:0:1:0: Direct-Access     VBOX     HARDDISK         1.0  PQ: 0 ANSI: 5
[    7.204469] scsi target2:0:1: Beginning Domain Validation
[    7.207986] scsi target2:0:1: Domain Validation skipping write tests
[    7.215567] scsi target2:0:1: Ending Domain Validation
[    7.219654] scsi target2:0:1: asynchronous
[    7.238087] sd 2:0:0:0: Attached scsi generic sg0 type 0
[    7.240288] sd 2:0:0:0: [sda] 20971520 512-byte logical blocks: (10.7 GB/10.0 GiB)
[    7.244655] sd 2:0:1:0: [sdb] 20480 512-byte logical blocks: (10.5 MB/10.0 MiB)
[    7.250827] sd 2:0:1:0: Attached scsi generic sg1 type 0
[    7.254842] sd 2:0:0:0: [sda] Write Protect is off
[    7.256959] sd 2:0:1:0: [sdb] Write Protect is off
[    7.259325] sd 2:0:0:0: [sda] Incomplete mode parameter data
[    7.299073] sd 2:0:0:0: [sda] Assuming drive cache: write through
[    7.318276] sd 2:0:1:0: [sdb] Incomplete mode parameter data
[    7.361595] sd 2:0:1:0: [sdb] Assuming drive cache: write through
[    7.456759]  sda: sda1
[    7.530241] sd 2:0:0:0: [sda] Attached SCSI disk
[    7.537397] sd 2:0:1:0: [sdb] Attached SCSI disk
[    7.801426] e1000 0000:00:08.0 eth1: (PCI:33MHz:32-bit) 08:00:27:bc:f7:8a
[    7.803701] e1000 0000:00:08.0 eth1: Intel(R) PRO/1000 Network Connection
[    7.821428] e1000 0000:00:03.0 enp0s3: renamed from eth0
[    7.831994] e1000 0000:00:08.0 enp0s8: renamed from eth1
Begin: Loading essential drivers ... [   10.126102] md: linear personality registered for level -1
[   10.172074] md: multipath personality registered for level -4
[   10.233258] md: raid0 personality registered for level 0
[   10.257289] md: raid1 personality registered for level 1
[   10.371922] raid6: sse2x1   gen()  3216 MB/s
[   10.476072] raid6: sse2x1   xor()  5657 MB/s
[   10.616054] raid6: sse2x2   gen()  7082 MB/s
[   10.688059] raid6: sse2x2   xor()  6198 MB/s
[   10.756046] raid6: sse2x4   gen()  8791 MB/s
[   10.828055] raid6: sse2x4   xor()  7006 MB/s
[   10.829525] raid6: using algorithm sse2x4 gen() 8791 MB/s
[   10.831270] raid6: .... xor() 7006 MB/s, rmw enabled
[   10.841262] raid6: using ssse3x2 recovery algorithm
[   10.845074] xor: measuring software checksum speed
[   10.912051]    prefetch64-sse: 35674.000 MB/sec
[   10.971712]    generic_sse: 30312.000 MB/sec
[   10.973226] xor: using function: prefetch64-sse (35674.000 MB/sec)
[   11.004348] async_tx: api initialized (async)
[   11.041511] md: raid6 personality registered for level 6
[   11.052030] md: raid5 personality registered for level 5
[   11.054650] md: raid4 personality registered for level 4
[   11.120738] md: raid10 personality registered for level 10
done.
Begin: Running /scripts/init-premount ... done.
Begin: Mounting root file system ... Begin: Running /scripts/local-top ... done.
Begin: Running /scripts/local-premount ... [   11.265250] Btrfs loaded
Scanning for Btrfs filesystems
done.
Warning: fsck not present, so skipping root file system
[   11.527663] EXT4-fs (sda1): INFO: recovery required on readonly filesystem
[   11.530859] EXT4-fs (sda1): write access will be enabled during recovery
[   11.664363] EXT4-fs (sda1): recovery complete
[   11.666035] EXT4-fs (sda1): mounted filesystem with ordered data mode. Opts: (null)
done.
Begin: Running /scripts/local-bottom ... done.
Begin: Running /scripts/init-bottom ... done.
[   12.329029] random: nonblocking pool is initialized
[   12.417979] systemd[1]: systemd 229 running in system mode. (+PAM +AUDIT +SELINUX +IMA +APPARMOR +SMACK +SYSVINIT +UTMP +LIBCRYPTSETUP +GCRYPT +GNUTLS +ACL +XZ -LZ4 +SECCOMP +BLKID +ELFUTILS +KMOD -IDN)
[   12.423564] systemd[1]: Detected virtualization oracle.
[   12.430596] systemd[1]: Detected architecture x86-64.

Welcome to [1mUbuntu 16.04.4 LTS[0m!

[   12.456896] systemd[1]: Set hostname to <ubuntu-xenial>.
[   13.468246] systemd[1]: Created slice System Slice.
[[0;32m  OK  [0m] Created slice System Slice.
[   13.497054] systemd[1]: Listening on udev Control Socket.
[[0;32m  OK  [0m] Listening on udev Control Socket.
[   13.505391] systemd[1]: Set up automount Arbitrary Executable File Formats File System Automount Point.
[[0;32m  OK  [0m] Set up automount Arbitrary Executab...ats File System Automount Point.
[   13.554186] systemd[1]: Listening on Device-mapper event daemon FIFOs.
[[0;32m  OK  [0m] Listening on Device-mapper event daemon FIFOs.
[   13.604250] systemd[1]: Listening on udev Kernel Socket.
[[0;32m  OK  [0m] Listening on udev Kernel Socket.
[   13.607823] systemd[1]: Reached target Swap.
[[0;32m  OK  [0m] Reached target Swap.
[   13.682340] systemd[1]: Listening on Journal Socket.
[[0;32m  OK  [0m] Listening on Journal Socket.
[   13.701199] systemd[1]: Starting Uncomplicated firewall...
         Starting Uncomplicated firewall...
[   13.727782] systemd[1]: Mounting Huge Pages File System...
         Mounting Huge Pages File System...
[   13.787802] systemd[1]: Mounting POSIX Message Queue File System...
         Mounting POSIX Message Queue File System...
[   13.808598] systemd[1]: Starting Set console keymap...
         Starting Set console keymap...
[   13.814474] systemd[1]: Reached target System Time Synchronized.
[[0;32m  OK  [0m] Reached target System Time Synchronized.
[   13.848610] systemd[1]: Created slice User and Session Slice.
[[0;32m  OK  [0m] Created slice User and Session Slice.
[   13.859494] systemd[1]: Listening on LVM2 poll daemon socket.
[[0;32m  OK  [0m] Listening on LVM2 poll daemon socket.
[   13.918095] systemd[1]: Starting Load Kernel Modules...
         Starting Load Kernel Modules...
[   13.946475] systemd[1]: Listening on /dev/initctl Compatibility Named Pipe.
[[0;32m  OK  [0m] Listening on /dev/initctl Compatibility Named Pipe.
[   13.951729] systemd[1]: Reached target Encrypted Volumes.
[[0;32m  OK  [0m] Reached target Encrypted Volumes.
[   13.959572] systemd[1]: Created slice system-serial\x2dgetty.slice.
[[0;32m  OK  [0m] Created slice system-serial\x2dgetty.slice.
[   13.984323] systemd[1]: Listening on Journal Audit Socket.
[[0;32m  OK  [0m] Listening on Journal Audit Socket.
[   14.011493] systemd[1]: Starting Remount Root and Kernel File Systems...
         Starting Remount Root and Kernel File Systems...
[   14.045817] systemd[1]: Starting Nameserver information manager...
         Starting Nameserver information manager...
[   14.052982] systemd[1]: Reached target User and Group Name Lookups.
[[0;32m  OK  [0m] Reached target User and Group Name Lookups.
[   14.080689] systemd[1]: Listening on LVM2 metadata daemon socket.
[[0;32m  OK  [0[   14.090165] Loading iSCSI transport class v2.0-870.
m] Listening on LVM2 metadata daemon socket.
[   14.110522] EXT4-fs (sda1): re-mounted. Opts: (null)
[   14.125231] systemd[1]: Starting Monitoring of LVM2 mirrors, snapshots etc. using dmeventd or progress polling...
         Starting Monitoring of LVM2 mirrors... dmeventd or progress polling...
[   14.153571] systemd[1]: Listening on Journal Socket (/dev/log).
[   14.166302] iscsi: registered transport (tcp)
[[0;32m  OK  [0m] Listening on Journal Socket (/dev/log).
[   14.197090] systemd[1]: Starting Create list of required static device nodes for the current kernel...
         Starting Create list of required st... nodes for the current kernel...
[   14.214318] systemd[1]: Started Forward Password Requests to Wall Directory Watch.
[[0;32m  OK  [0m] Started Forward Password Requests to Wall Directory Watch.
[   14.228884] systemd[1]: Reached target Slices.
[[0;32m  OK  [0m] Reached target Slices.
[   14.264770] systemd[1]: Mounting Debug File System...
         Mounting Debug File System...
[   14.285205] systemd[1]: Started Trigger resolvconf update for networkd DNS.
[[0;32m  OK  [0m] Started Trigger resolvconf update for networkd DNS.
[   14.302094] systemd[1]: Listening on Syslog Socket.
[[0;32m  OK  [0m] Listening on Syslog Socket.
[   14.362032] systemd[1]: Starting Journal Service...
         Starting Journal Service...
[   14.410263] iscsi: registered transport (iser)
[   14.424902] systemd[1]: Mounted Debug File System.
[[0;32m  OK  [0m] Mounted Debug File System.
[   14.452453] systemd[1]: Mounted POSIX Message Queue File System.
[[0;32m  OK  [0m] Mounted POSIX Message Queue File System.
[   14.460520] systemd[1]: Mounted Huge Pages File System.
[[0;32m  OK  [0m] Mounted Huge Pages File System.
[   14.488185] systemd[1]: Started Uncomplicated firewall.
[[0;32m  OK  [0m] Started Uncomplicated firewall.
[   14.503249] systemd[1]: Started Set console keymap.
[[0;32m  OK  [0m] Started Set console keymap.
[   14.512104] systemd[1]: Started Load Kernel Modules.
[[0;32m  OK  [0m] Started Load Kernel Modules.
[   14.527100] systemd[1]: Started Remount Root and Kernel File Systems.
[[0;32m  OK  [0m] Started Remount Root and Kernel File Systems.
[   14.557216] systemd[1]: Started Create list of required static device nodes for the current kernel.
[[0;32m  OK  [0m] Started Create list of required sta...ce nodes for the current kernel.
[   14.581949] systemd[1]: Started Journal Service.
[[0;32m  OK  [0m] Started Journal Service.
[[0;32m  OK  [0m] Started Nameserver information manager.
[[0;32m  OK  [0m] Started LVM2 metadata daemon.
         Starting Create Static Device Nodes in /dev...
         Starting Flush Journal to Persistent Storage...
         Starting Initial cloud-init job (pre-networking)...
         Starting udev Coldplug all Devices...
         Starting Load/Save Random Seed...
         Mounting FUSE Control File System...
         Starting Apply Kernel Variables...
[[0;32m  OK  [0m] Mounted FUSE Control File System.
[   15.195931] systemd-journald[385]: Received request to flush runtime journal from PID 1
[[0;32m  OK  [0m] Started Apply Kernel Variables.
[[0;32m  OK  [0m] Started Load/Save Random Seed.
[[0;32m  OK  [0m] Started Flush Journal to Persistent Storage.
[[0;32m  OK  [0m] Started Create Static Device Nodes in /dev.
         Starting udev Kernel Device Manager...
[[0;32m  OK  [0m] Started Monitoring of LVM2 mirrors,...ng dmeventd or progress polling.
[[0;32m  OK  [0m] Started udev Coldplug all Devices.
[[0;32m  OK  [0m] Started udev Kernel Device Manager.
[[0;32m  OK  [0m] Started Dispatch Password Requests to Console Directory Watch.
[[0;32m  OK  [0m] Reached target Local File Systems (Pre).
[[0;32m  OK  [0m] Reached target Local File Systems.
         Starting Tell Plymouth To Write Out Runtime Data...
         Starting Create Volatile Files and Directories...
         Starting LSB: AppArmor initialization...
         Starting Set console font and keymap...
[[0;32m  OK  [0m] Started Tell Plymouth To Write Out Runtime Data.
[[0;32m  OK  [0m] Started Create Volatile Files and Directories.
         Starting Update UTMP about System Boot/Shutdown...
[[0;32m  OK  [0m] Started Update UTMP about System Boot/Shutdown.
[[0;32m  OK  [0m] Found device /dev/ttyS0.
[[0;32m  OK  [0m] Started LSB: AppArmor initialization.
[[0;32m  OK  [0m] Started Set console font and keymap.
[[0;32m  OK  [0m] Created slice system-getty.slice.
[[0;32m  OK  [0m] Listening on Load/Save RF Kill Switch Status /dev/rfkill Watch.
[[0;32m  OK  [0m] Found device 82540EM Gigabit Ethern...r (PRO/1000 MT Desktop Adapter).
[   18.958239] cloud-init[417]: Cloud-init v. 17.2 running 'init-local' at Thu, 14 Jun 2018 12:14:47 +0000. Up 16.61 seconds.
[[0;32m  OK  [0m] Found device 82540EM Gigabit Ethern...r (PRO/1000 MT Desktop Adapter).
[[0;32m  OK  [0m] Started Initial cloud-init job (pre-networking).
[[0;32m  OK  [0m] Reached target Network (Pre).
         Starting Raise network interfaces...
[[0;32m  OK  [0m] Started ifup for enp0s8.
[[0;32m  OK  [0m] Started ifup for enp0s3.
[[0;32m  OK  [0m] Started Raise network interfaces.
         Starting Initial cloud-init job (metadata service crawler)...
[[0;32m  OK  [0m] Reached target Network.
[   25.492034] cloud-init[1057]: Cloud-init v. 17.2 running 'init' at Thu, 14 Jun 2018 12:14:54 +0000. Up 23.42 seconds.
[   25.520613] cloud-init[1057]: ci-info: ++++++++++++++++++++++++++++++++++++++Net device info++++++++++++++++++++++++++++++++++++++
[   25.541053] cloud-init[1057]: ci-info: +--------+------+-----------------------------+---------------+-------+-------------------+
[   25.552305] cloud-init[1057]: ci-info: | Device |  Up  |           Address           |      Mask     | Scope |     Hw-Address    |
[   25.563957] cloud-init[1057]: ci-info: +--------+------+-----------------------------+---------------+-------+-------------------+
[   25.576960] cloud-init[1057]: ci-info: | enp0s3 | True |          10.0.2.15          | 255.255.255.0 |   .   | 02:39:99:10:d1:5e |
[   25.591455] cloud-init[1057]: ci-info: | enp0s3 | True |  fe80::39:99ff:fe10:d15e/64 |       .       |  link | 02:39:99:10:d1:5e |
[   25.652625] cloud-init[1057]: ci-info: | enp0s8 | True |        192.168.1.144        | 255.255.255.0 |   .   | 08:00:27:bc:f7:8a |
[   25.662252] cloud-init[1057]: ci-info: | enp0s8 | True | fe80::a00:27ff:febc:f78a/64 |       .       |  link | 08:00:27:bc:f7:8a |
[   25.671799] cloud-init[1057]: ci-info: |   lo   | True |          127.0.0.1          |   255.0.0.0   |   .   |         .         |
[   25.682072] cloud-init[1057]: ci-info: |   lo   | True |           ::1/128           |       .       |  host |         .         |
[   25.692843] cloud-init[1057]: ci-info: +--------+------+-----------------------------+---------------+-------+-------------------+
[   25.704694] cloud-init[1057]: ci-info: +++++++++++++++++++++++++++Route IPv4 info++++++++++++++++++++++++++++
[   25.713167] cloud-init[1057]: ci-info: +-------+-------------+----------+---------------+-----------+-------+
[   25.720805] cloud-init[1057]: ci-info: | Route | Destination | Gateway  |    Genmask    | Interface | Flags |
[   25.741049] cloud-init[1057]: ci-info: +-------+-------------+----------+---------------+-----------+-------+
[   25.825609] cloud-init[1057]: ci-info: |   0   |   0.0.0.0   | 10.0.2.2 |    0.0.0.0    |   enp0s3  |   UG  |
[   25.867148] cloud-init[1057]: ci-info: |   1   |   10.0.2.0  | 0.0.0.0  | 255.255.255.0 |   enp0s3  |   U   |
[   25.880168] cloud-init[1057]: ci-info: |   2   | 192.168.1.0 | 0.0.0.0  | 255.255.255.0 |   enp0s8  |   U   |
[   25.889212] cloud-init[1057]: ci-info: +-------+-------------+----------+---------------+-----------+-------+
[[0;32m  OK  [0m] Started Initial cloud-init job (metadata service crawler).
[[0;32m  OK  [0m] Reached target Network is Online.
         Starting iSCSI initiator daemon (iscsid)...
[[0;32m  OK  [0m] Reached target System Initialization.
[[0;32m  OK  [0m] Started ACPI Events Check.
[[0;32m  OK  [0m] Reached target Paths.
[[0;32m  OK  [0m] Listening on ACPID Listen Socket.
[[0;32m  OK  [0m] Started Daily Cleanup of Temporary Directories.
[[0;32m  OK  [0m] Started Daily apt download activities.
[[0;32m  OK  [0m] Started Daily apt upgrade and clean activities.
[[0;32m  OK  [0m] Started Timer to automatically refresh installed snaps.
[[0;32m  OK  [0m] Listening on D-Bus System Message Bus Socket.
[[0;32m  OK  [0m] Listening on UUID daemon activation socket.
         Starting LXD - unix socket.
[[0;32m  OK  [0m] Reached target Timers.
         Starting Socket activation for snappy daemon.
[[0;32m  OK  [0m] Reached target Cloud-config availability.
[[0;32m  OK  [0m] Listening on LXD - unix socket.
[[0;32m  OK  [0m] Listening on Socket activation for snappy daemon.
[[0;32m  OK  [0m] Started iSCSI initiator daemon (iscsid).
         Starting Login to default iSCSI targets...
[[0;32m  OK  [0m] Reached target Sockets.
[[0;32m  OK  [0m] Reached target Basic System.
[[0;32m  OK  [0m] Started Unattended Upgrades Shutdown.
         Starting System Logging Service...
         Starting Apply the settings specified in cloud-config...
         Starting Accounts Service...
[[0;32m  OK  [0m] Started Regular background program processing daemon.
[[0;32m  OK  [0m] Started FUSE filesystem for LXC.
         Starting LXD - container startup/shutdown...
         Starting Login Service...
[[0;32m  OK  [0m] Started Deferred execution scheduler.
[[0;32m  OK  [0m] Started D-Bus System Message Bus.
         Starting LSB: MD monitoring daemon...
         Starting LSB: Record successful boot for GRUB...
         Starting Snappy daemon...
[[0;32m  OK  [0m] Started ACPI event daemon.
         Starting OpenBSD Secure Shell server...
         Starting /etc/rc.local Compatibility...
         Starting vboxadd.service...
[[0;32m  OK  [0m] Started System Logging Service.
[[0;32m  OK  [0m] Started /etc/rc.local Compatibility.
[[0;32m  OK  [0m] Started Login to default iSCSI targets.
[[0;32m  OK  [0m] Started LXD - container startup/shutdown.
         Starting Authenticate and Authorize Users to Run Privileged Tasks...
[[0;32m  OK  [0m] Reached target Remote File Systems (Pre).
[[0;32m  OK  [0m] Reached target Remote File Systems.
         Starting LSB: Set the CPU Frequency Scaling governor to "ondemand"...
         Starting LSB: daemon to balance interrupts for SMP systems...
         Starting Permit User Sessions...
         Starting LSB: automatic crash report generation...
[[0;32m  OK  [0m] Started OpenBSD Secure Shell server.
[[0;32m  OK  [0m] Started Login Service.
[[0;32m  OK  [0m] Started Permit User Sessions.
         Starting Terminate Plymouth Boot Screen...
         Starting Hold until boot process finishes up...
[[0;32m  OK  [0m] Started Hold until boot process finishes up.
[[0;32m  OK  [0m] Started Getty on tty1.
[[0;32m  OK  [0m] Started Serial Getty on ttyS0.
[[0;32m  OK  [0m] Reached target Login Prompts.
         Starting Set console scheme...
[[0;32m  OK  [0m] Started LSB: Record successful boot for GRUB.
[[0;32m  OK  [0m] Started Terminate Plymouth Boot Screen.
[[0;32m  OK  [0m] Started Authenticate and Authorize Users to Run Privileged Tasks.
[[0;32m  OK  [0m] Started Accounts Service.
[[0;32m  OK  [0m] Started LSB: MD monitoring daemon.
[[0;32m  OK  [0m] Started Set console scheme.
[[0;32m  OK  [0m] Created slice User Slice of vagrant.
         Starting User Manager for UID 1000...
[[0;32m  OK  [0m] Started Session 1 of user vagrant.
[[0;32m  OK  [0m] Started LSB: Set the CPU Frequency Scaling governor to "ondemand".
[[0;32m  OK  [0m] Started Snappy daemon.
[[0;32m  OK  [0m] Started User Manager for UID 1000.
[[0;32m  OK  [0m] Started LSB: daemon to balance interrupts for SMP systems.
[[0;32m  OK  [0m] Started LSB: automatic crash report generation.
[   32.359735] cloud-init[1123]: Cloud-init v. 17.2 running 'modules:config' at Thu, 14 Jun 2018 12:15:02 +0000. Up 31.54 seconds.
[[0;32m  OK  [0m] Started Apply the settings specified in cloud-config.
[[0;32m  OK  [0m] Started vboxadd.service.
         Starting vboxadd-service.service...
[[0;1;31mFAILED[0m] Failed to start vboxadd-service.service.
See 'systemctl status vboxadd-service.service' for details.
[[0;32m  OK  [0m] Reached target Multi-User System.
         Starting Execute cloud user/final scripts...
[[0;32m  OK  [0m] Reached target Graphical Interface.
         Starting Update UTMP about System Runlevel Changes...
[[0;32m  OK  [0m] Started Update UTMP about System Runlevel Changes.
[   35.823237] cloud-init[1380]: Cloud-init v. 17.2 running 'modules:final' at Thu, 14 Jun 2018 12:15:06 +0000. Up 35.14 seconds.
[   35.826156] cloud-init[1380]: Cloud-init v. 17.2 finished at Thu, 14 Jun 2018 12:15:07 +0000. Datasource DataSourceNoCloud [seed=/dev/sdb][dsmode=net].  Up 35.80 seconds

Ubuntu 16.04.4 LTS ubuntu-xenial ttyS0

ubuntu-xenial login: 