[    0.000000] Initializing cgroup subsys cpuset
[    0.000000] Initializing cgroup subsys cpu
[    0.000000] Initializing cgroup subsys cpuacct
[    0.000000] Linux version 4.4.0-119-generic (buildd@lcy01-amd64-013) (gcc version 5.4.0 20160609 (Ubuntu 5.4.0-6ubuntu1~16.04.9) ) #143-Ubuntu SMP Mon Apr 2 16:08:24 UTC 2018 (Ubuntu 4.4.0-119.143-generic 4.4.114)
[    0.000000] Command line: BOOT_IMAGE=/boot/vmlinuz-4.4.0-119-generic root=LABEL=cloudimg-rootfs ro console=tty1 console=ttyS0
[    0.000000] KERNEL supported cpus:
[    0.000000]   Intel GenuineIntel
[    0.000000]   AMD AuthenticAMD
[    .000000]   Centaur CentaurHauls
[    0.000000] x86/fpu: Legacy x87 FPU detected.
[    0.000000] x86/fpu: Using 'lazy'FPU context switches.
[    0.000000] e820: BIOS-provided physical RAM map:
[    0.000000] BIOS-e820: [mem 0x0000000000000000-0x000000000009fbff] usable
[    0.00000] BIOS-e820: [mem 0x000000000009fc00-0x000000000009ffff] reserved
[    0.000000] BIOS-e820: [mem 0x00000000000f0000-000000000000fffff] reserved
[    0.000000] BIOS-e820: [mem 0x0000000000100000-0x00000000833effff] usable
[    0.000000] BIOS-e820: [mem 0x00000000833f0000-0x0000000833fffff] ACPI data
[    0.000000] BIOS-e820: [mem 0x00000000fec00000-0x00000000fec00fff] reserved
[    0.000000] BIOS-e820: [mem 0x00000000fee0000-0x00000000fee00fff] reserved
[    0.000000] BIOS-e820: [mem 0x00000000fffc0000-0x00000000ffffffff] reserved
[    0.000000] NX (Execute Disable) protection: actie
[    0.000000] SMBIOS 2.5 present.
[    0.000000] Hypervisor detected: KVM
[    0.000000] e820: last_pfn = 0x833f0 max_arch_pfn = 0x400000000
[    0.000000 MTRR: Disabled
[    0.000000] x86/PAT: MTRRs disabled, skipping PAT initialization too.
[    0.000000] CPU MTRRs all blank - virtualized system.
[    0.000000] x6/PAT: Configuration 0-7]: WB  WT  UC- UC  WB  WT  UC- UC  
[    0.000000] found SMP MP-table at [mem 0x0009fff0-0x0009ffff] mapped at [ffff88000009fff0]
[    0.000000] Scanning 1 areas for low memory corruption
[    0.000000] RAMDISK: [mem 0x36aa4000-0x37549fff]
[    0.000000] ACPI: Early table checksum verification disabled
    0.000000] ACPI: RSDP 0x00000000000E0000 000024 (v02 VBOX  )
[    0.000000] ACPI: XSDT 0x00000000833F0030 00003C (v01 VBOX   VBOXXSDT 00000001 ASL  0000006)
[    0.000000] ACPI: FACP 0x00000000833F00F0 0000F4 (v04 VBOX   VBOXFACP 00000001 ASL  00000061)
[    0.000000] ACPI: DSDT 0x00000000833F0470 0021FF (v02 VBOX  VBOXBIOS 00000002 INTL 20160831)
[    0.000000] ACPI: FACS 0x00000000833F0200 000040
[    0.000000] ACPI: FACS x00000000833F0200 000040
[    0.000000] ACPI: APIC 0x00000000833F0240 00005C (v02 VBOX   VBOXAPIC 00000001 ASL  00000061)
[    0.000000] ACPI: SSDT 0x0000000083302A0 0001CC (v01 VBOX   VBOXCPT 00000002 INTL 20160831)
[    0.000000] No NUMA configuration found
[    0.000000] Faking a node at [mem 0x0000000000000000-0x00000000833effff]
[    0.000000] NODE_DAA(0) allocated [mem 0x833eb000-0x833effff]
[    0.000000] kvm-clock: Using msrs 4b564d01 and 4b564d00
[    0.000000] kvm-clock: cpu 0, msr 0:833e3001, primay cpu clock
[    0.000000] kvm-clock: using sched offset of 4669229622 cycles
[    0.000000] clocksource: kvm-clock: mask: 0xffffffffffffffff max_cycles: 0x1cd42e4dffb max_idle_ns: 881590591483 ns
[    0.000000] Zone ranges:
[    0.000000]   DMA      [mem 0x0000000000001000-0x0000000000ffffff]
[    0.000000]   DMA32    [mem 0x0000000001000000-0x00000000833effff]
[   0.000000]   Noral   empty
[    0.000000]   Device   empty
[    0.000000] Movable zone start for each node
[    0.000000] Early memory node ranges
[    0.000000]   node   0 [mem 0x0000000000001000-0x000000000009efff]
[    0.000000]   nde  0:mem 0x0000000000100000-0x00000000833effff]
[    0.000000] Initmem setup node 0 [mem 0x0000000000001000-0x00000000833effff]
[    0.000000] ACPI: PM-Timer IO Port: 0x4008
[    0.000000] IOAPIC[0]: apic_id2, version 32, address 0xfec00000, GSI 0-23
[    0.000000] ACPI: INT_SRC_OVR (bus 0 bus_irq 0 global_irq 2 dfl dfl)
[    0.000000] ACPI: INT_SRC_OVR (bus 0buir 9 global_irq 9 low level)
[    0.000000] Using ACPI (MADT) for SMP configuration information
[    0.000000] smpboot: Allowing 2 CPUs, 0 hotplug CPUs
[    0.000000] PM: Registered nosave memory: [mem 0x00000000-0x00000fff]
[    0.000000] PM: Registered nosave memory: [mem 0x0009f000-0x0009ffff]
[    0.000000] PM: Registered nosave mmory: [mem 0x000a0000-0x000effff]
[    0.000000] PM: Registered nosave memory: [mem 0x000f0000-0x000fffff]
[    0.000000] e820: [mem 0x83400000-0xfebfffff] available for PCI devices
[    0.000000] Booting paravirtualized kernel on KVM
[    0.000000] clocksource: refined-jiffies: mask: 0xffffffff mx_ycles: 0xffffffff, max_idle_ns: 7645519600211568 ns
[    0.000000] setup_percpu: NR_CPUS:512 nr_cpumask_bits:512 nr_cpu_ids:2 nr_node_ids:1
[    0.000000] PERCPU: Embedded 34 pages/cpu @ffff88008300000s9544 r8192 d31528 u1048576
[    0.000000] PV qspinlock hash table entries: 256 (order: 0, 4096 bytes)
[    0.000000] Built 1 zonelists in Node order, mobility grouping on.  Total pages: 529064
[    0.000000] Policy zone: DMA32
[    0.000000] Kernel command line: BOOT_IMAG=/oot/vmlinuz-4.4.0-119-generic root=LABEL=cloudimg-rootfs ro console=tty1 console=ttyS0
[    0.000000] PID hash table entries: 4096 (order: 3, 32768 bytes)
[    0.000000] Memory: 2085012K/2149944K available (8532K kernel code, 1313K rwdata, 3996K rodata, 1508K init, 1316K bss, 64932K reserved, 0K cma-reserved)
[    0.000000] SLUB: HWalign=64, Order=0-3, MinObjects=0, CPUs=2, Nodes=1
[    0.000000] Kernel/User page tables isolion: enabled
[    0.000000] Hierarchical RCU implementation.
[    0.000000] 	Build-me adjustment of leaf fanout to 64.
[    0.000000] 	RCU restricting CPUs from NR_CPUS=512 to nr_cpu_ids=2.
[    0.000000] RCU: Adjusting geometry for rcu_fanout_leaf=64, nr_cpu_ids=2
[    0.000000] NR_IRQS:33024 nr_irqs:440 16
[    0.000000] Console: colour VGA+ 80x25
[    0.000000] console [tty1] enabled
[    0.000000] console [ttyS0] enabled
[    0.000000] tsc: Detected 3158.728 MHz processor
[    1.443660] Calibrating delay loop (skippedd) preset value.. 6317.45 BogoMIPS (lpj=12634912)
[    1.475270] pid_max: default: 32768 minimum: 301
[    1.497053] ACPI: Core revision 20150930
[    1.506112] ACPI: 2 ACPI AML tables successfully acquired and loaded
[    1.513305] Security Framework initialized
[    1.514666] Yama: becoming mindful.
[    1.519417] AppArmor: AppArmor initialized
[    1.541196] Dentry cache hash table entries: 524288 (order: 10, 4194304 bytes)
[    1.560223] Inode-cache hash table entries: 262144 (order: 9, 2097152 bytes)
[    1.581731] Mount-cache hash table entries: 8192 (order: 4, 65536 bytes)
[    1.583693] Mountpoint-cache hash table entries: 8192 (order: 4, 65536 bytes)
[    1.604207] Initializing cgroup subsys io
[    1.654087] Initializing cgroup subsys memory
[    1.742340] Initializing cgroup subsys devices
[    1.800392] Initializing cgroup subsys freezer
[    1.801809] Initializing cgroup subsys net_cls
[    1.803253] Initializing cgroup subsys perf_event
[    1.804711] Initializing cgroup subsys net_prio
[    1.806164] Initializing cgroup subsys hugetlb
[    1.807575] Initializing cgroup subsys pids
[    1.809059] FEATURE SPEC_CTRL Not Present
[    1.854339] CPU: Physical Processor ID: 0
[    1.862985] CPU: Processor Core ID: 0
[    1.864239] mce: CPU supports 0 MCE banks
[    1.865641] Last level iTLB entries: 4KB 128, 2MB 4, 4MB 4
[    1.876637] Last level dTLB entries: 4KB 256, 2MB 0, 4MB 32, 1GB 0
[    1.878398] Spectre V2 mitigation: Mitigation: Full generic retpoline
[    1.940701] Spectre V2 mitigation: Speculation control IBPB not-supported IBRS not-supported
[    1.945810] Freeing SMP alternatives memory: 32K
[    1.975127] ftrace: allocating 32195 entries in 126 pages
[    2.039995] smpboot: APIC(0) Converting physical 0 to logical package 0
[    2.067267] smpboot: Max logical packages: 1
[    2.069184] x2apic enabled
[    2.079039] Switched APIC routing to physical x2apic.
[    2.085016] ..TIMER: vector=0x30 apic1=0 pin1=2 apic2=-1 pin2=-1
[    2.193467] smpboot: CPU0: Intel(R) Core(TM)2 Duo CPU     E8500  @ 3.16GHz (family: 0x6, model: 0x17, stepping: 0xa)
[    2.321811] Performance Events: unsupported p6 CPU model 23 no PMU driver, software events only.
[    2.324761] KVM setup paravirtual spinlock
[    2.327683] x86: Booting SMP configuration:
[    2.329039] .... node  #0, CPUs:      #1
[    2.346661] kvm-clock: cpu 1, msr 0:833e3041, secondary cpu clock
[    2.355008] mce: CPU supports 0 MCE banks
[    2.358509] x86: Booted up 1 node, 2 CPUs
[    2.360320] smpboot: Total of 2 processors activated (12634.91 BogoMIPS)
[    2.363852] devtmpfs: initialized
[    2.369381] evm: security.selinux
[    2.370589] evm: security.SMACK64
[    2.371765] evm: security.SMACK64EXEC
[    2.372995] evm: security.SMACK64TRANSMUTE
[    2.375421] evm: security.SMACK64MMAP
[    2.376658] evm: security.ima
[    2.377755] evm: security.capability
[    2.384519] clocksource: jiffies: mask: 0xffffffff max_cycles: 0xffffffff, max_idle_ns: 7645041785100000 ns
[    2.441787] futex hash table entries: 512 (order: 3, 32768 bytes)
[    2.522672] pinctrl core: initialized pinctrl subsystem
[    2.532542] RTC time: 10:24:44, date: 05/31/18
[    2.534281] NET: Registered protocol family 16
[    2.549752] cpuidle: using governor ladder
[    2.567695] cpuidle: using governor menu
[    2.609351] PCCT header not found.
[    2.610619] ACPI: bus type PCI registered
[    2.663851] acpiphp: ACPI Hot Plug PCI Controller Driver version: 0.5
[    2.665810] PCI: Using configuration type 1 for base access
[    2.687166] ACPI: Added _OSI(Module Device)
[    2.688549] ACPI: Added _OSI(Processor Device)
[    2.700016] ACPI: Added _OSI(3.0 _SCP Extensions)
[    2.701480] ACPI: Added _OSI(Processor Aggregator Device)
[    2.704182] ACPI: Executed 1 blocks of module-level executable AML code
[    2.708698] ACPI: Interpreter enabled
[    2.709975] ACPI: (supports S0 S5)
[    2.711169] ACPI: Using IOAPIC for interrupt routing
[    2.805784] PCI: Using host bridge windows from ACPI; if necessary, use "pci=nocrs" and report a bug
[    2.841827] ACPI: PCI Root Bridge [PCI0] (domain 0000 [bus 00-ff])
[    2.843599] acpi PNP0A03:00: _OSC: OS supports [ASPM ClockPM Segments MSI]
[    2.850843] acpi PNP0A03:00: _OSC: not requesting OS control; OS requires [ExtendedConfig ASPM ClockPM MSI]
[    2.888994] acpi PNP0A03:00: fail to add MMCONFIG information, can't access extended PCI configuration space under this bridge.
[    2.908226] PCI host bridge to bus 0000:00
[    2.909675] pci_bus 0000:00: root bus resource [io  0x0000-0x0cf7 window]
[    2.911545] pci_bus 0000:00: root bus resource [io  0x0d00-0xffff window]
[    2.913455] pci_bus 0000:00: root bus resource [mem 0x000a0000-0x000bffff window]
[    2.915881] pci_bus 0000:00: root bus resource [mem 0x83400000-0xfdffffff window]
[    2.918485] pci_bus 0000:00: root bus resource [bus 00-ff]
[    2.955130] pci 0000:00:01.1: legacy IDE quirk: reg 0x10: [io  0x01f0-0x01f7]
[    2.957152] pci 0000:00:01.1: legacy IDE quirk: reg 0x14: [io  0x03f6]
[    2.958988] pci 0000:00:01.1: legacy IDE quirk: reg 0x18: [io  0x0170-0x0177]
[    2.966320] pci 0000:00:01.1: legacy IDE quirk: reg 0x1c: [io  0x0376]
[    3.111130] pci 0000:00:07.0: quirk: [io  0x4000-0x403f] claimed by PIIX4 ACPI
[    3.113773] pci 0000:00:07.0: quirk: [io  0x4100-0x410f] claimed by PIIX4 SMB
[    3.184503] ACPI: PCI Interrupt Link [LNKA] (IRQs 5 9 10 *11)
[    3.211284] ACPI: PCI Interrupt Link [LNKB] (IRQs 5 9 *10 11)
[    3.216016] ACPI: PCI Interrupt Link [LNKC] (IRQs 5 *9 10 11)
[    3.223732] ACPI: PCI Interrupt Link [LNKD] (IRQs 5 9 10 *11)
[    3.239081] ACPI: Enabled 2 GPEs in block 00 to 07
[    3.243124] vgaarb: setting as boot device: PCI:0000:00:02.0
[    3.246137] vgaarb: device added: PCI:0000:00:02.0,decodes=io+mem,owns=io+mem,locks=none
[    3.250695] vgaarb: loaded
[    3.252399] vgaarb: bridge control possible 0000:00:02.0
[    3.256169] SCSI subsystem initialized
[    3.259589] ACPI: bus type USB registered
[    3.262404] usbcore: registered new interface driver usbfs
[    3.265458] usbcore: registered new interface driver hub
[    3.268869] usbcore: registered new device driver usb
[    3.274057] PCI: Using ACPI for IRQ routing
[    3.277419] NetLabel: Initializing
[    3.279694] NetLabel:  domain hash size = 128
[    3.282526] NetLabel:  protocols = UNLABELED CIPSOv4
[    3.286165] NetLabel:  unlabeled traffic allowed by default
[    3.290139] amd_nb: Cannot enumerate AMD northbridges
[    3.296748] clocksource: Switched to clocksource kvm-clock
[    3.331031] AppArmor: AppArmor Filesystem Enabled
[    3.334380] pnp: PnP ACPI init
[    3.337733] pnp: PnP ACPI: found 3 devices
[    3.353975] clocksource: acpi_pm: mask: 0xffffff max_cycles: 0xffffff, max_idle_ns: 2085701024 ns
[    3.359223] NET: Registered protocol family 2
[    3.362460] TCP established hash table entries:32768 (order: 6, 262144 bytes)
[    3.396567] TCP bind hash table entries: 32768 (order: 7, 524288 bytes)
[    3.398705] TCP: Hash tables configured (established 32768 bind 32768)
[  3.401519] UDP hash table entries: 2048 (order: 4, 65536 bytes)
[    3.463255] UDP-Lite hash table entries: 2048 (order: 4, 65536 bytes)
[  3.465376] NET: Registered protocol family 1
[    3.527531] pci 0000:00:00.0: Limiting direct PCI/PCI transfrs
    3.559306] pci 0000:00:01.0: Activating ISA DMA hang workarounds
[    3.591066] Unpacking initramfs...

[    5.485677] Freeing initrd memory: 10904K
[    5.521114] platform rtc_cmos: registered platform RTC device (no PNP device found)
[    5.537819] Scanning for low memory corruption every 60 seconds
[    5.547732] audit: initializing netlink subsys (disabled)
[    5.550803] audit: type=2000 audit(1527762291.021:1): initialized
[    5.553479] Initialise system trusted keyring
[    5.555511] HugeTLB registered 2 MB page size, pre-allocated 0 pages
[    5.626823] zbud: loaded
[    5.628452] VFS: Disk quotas dquot_6.6.0
[    5.629949] VFS: Dquot-cache hash table entries: 512 (order 0, 4096 bytes)
[    5.645182] squashfs: version 4.0 (2009/01/31) Phillip Lougher
[    5.647419] fuse init (API version 7.23)
[    5.648981] Key type big_key registered
[    5.654463] Allocating IMA MOK and blacklist keyrings.
[    5.671584] Key type asymmetric registered
[    5.673059] Asymmetric key parser 'x509' registered
[    5.694888] Block layer SCSI generic (bsg) driver version 0.4 loaded (major 249)
[    5.720138] io scheduler noop registered
[    5.817529] io scheduler deadline registered (default)
[    6.069839] io scheduler cfq registered
[    6.084292] pci_hotplug: PCI Hot Plug PCI Core version: 0.5
[    6.096783] pciehp: PCI Express Hot Plug Controller Driver version: 0.4
[    6.098982] ACPI: AC Adapter [AC] (on-line)
[    6.100520] input: Power Button as /devices/LNXSYSTM:00/LNXPWRBN:00/input/input0
[    6.103201] ACPI: Power Button [PWRF]
[    6.104611] input: Sleep Button as /devices/LNXSYSTM:00/LNXSLPBN:00/input/input1
[    6.118923] ACPI: Sleep Button [SLPF]
[    6.120677] GHES: HEST is not enabled!
[    6.122209] Serial: 8250/16550 driver, 32 ports, IRQ sharing enabled
[    6.146922] 00:02: ttyS0 at I/O 0x3f8 (irq = 4, base_baud = 115200) is a 16550A
[    6.151259] Linux agpgart interface v0.103
[    6.168236] loop: module loaded
[    6.178811] scsi host0: ata_piix
[    6.180293] scsi host1: ata_piix
[    6.184478] ata1: PATA max UDMA/33 cmd 0x1f0 ctl 0x3f6 bmdma 0xd000 irq 14
[    6.190121] ata2: PATA max UDMA/33 cmd 0x170 ctl 0x376 bmdma 0xd008 irq 15
[    6.192322] libphy: Fixed MDIO Bus: probed
[    6.204643] tun: Universal TUN/TAP device driver, 1.6
[    6.224821] tun: (C) 1999-2004 Max Krasnyansky <maxk@qualcomm.com>
[    6.234990] PPP generic driver version 2.4.2
[    6.236669] ehci_hcd: USB 2.0 'Enhanced' Host Controller (EHCI) Driver
[    6.238669] ehci-pci: EHCI PCI platform driver
[    6.240289] ehci-platform: EHCI generic platform driver
[    6.242007] ohci_hcd: USB 1.1 'Open' Host Controller (OHCI) Driver
[    6.243913] ohci-pci: OHCI PCI platform driver
[    6.245453] ohci-platform: OHCI generic platform driver
[    6.247173] uhci_hcd: USB Universal Host Controller Interface driver
[    6.254305] i8042: PNP: PS/2 Controller [PNP0303:PS2K,PNP0f03:PS2M] at 0x60,0x64 irq 1,12
[    6.268303] serio: i8042 KBD port at 0x60,0x64 irq 1
[    6.271154] serio: i8042 AUX port at 0x60,0x64 irq 12
[    6.273154] mousedev: PS/2 mouse device common for all mice
[    6.285257] input: AT Translated Set 2 keyboard as /devices/platform/i8042/serio0/input/input2
[    6.295000] rtc_cmos rtc_cmos: rtc core: registered rtc_cmos as rtc0
[    6.297106] rtc_cmos rtc_cmos: alarms up to one day, 114 bytes nvram
[    6.299020] i2c /dev entries driver
[    6.300423] device-mapper: uevent: version 1.0.3
[    6.315020] device-mapper: ioctl: 4.34.0-ioctl (2015-10-28) initialised: dm-devel@redhat.com
[    6.317918] ledtrig-cpu: registered to indicate activity on CPUs
[    6.437526] NET: Registered protocol family 10
[    6.440064] NET: Registered protocol family 17
[    6.441724] Key type dns_resolver registered
[    6.443601] registered taskstats version 1
[    6.445055] Loading compiled-in X.509 certificates
[    6.692379] tsc: Refined TSC clocksource calibration: 3155.609 MHz
[    6.829839] clocksource: tsc: mask: 0xffffffffffffffff max_cycles: 0x2d7c7bc500b, max_idle_ns: 440795307870 ns
[    6.831133] Loaded X.509 cert 'Build time autogenerated kernel key: f854e06633b5f496ced5b2e02c7b14f761b69302'
[    6.831193] zswap: loaded using pool lzo/zbud
[    6.860438] Key type trusted registered
[    6.890977] Key type encrypted registered
[    6.892384] AppArmor: AppArmor sha1 policy hashing enabled
[    6.894658] ima: No TPM chip found, activating TPM-bypass!
[    6.903115] evm: HMAC attrs: 0x1
[    6.912581]   Magic number: 2:757:427
[    6.914138] rtc_cmos rtc_cmos: setting system clock to 2018-05-31 10:24:48 UTC (1527762288)
[    6.917404] BIOS EDD facility v0.16 2004-Jun-25, 0 deves found
[    6.982257] EDD information not available.
 [    6.989416] Freeing unused kernel memory: 1508K
[    6.990955] Write protecting the kernel read-only data: 14336k
[    7.011957] Freeing unused kernel memory: 1696K
[    7.013986] Freeing unused kernel memory: 100K
Loading, please wait...
starting version 229
[    7.159819] random: systemd-udevd: uninitialized urandom read (16 bytes read, 3 bits of entropy available)
[    7.166705] random: udevadm: uninitialized urandom read (16 bytes read, 3 bits of entropy available)
[    7.168761] random: systemd-udevd: uninitialized urandom read (16 bytes read, 3 bits of entropy available)
[    7.168827] random: systemd-udevd: uninitialized urandom read (16 bytes read, 3 bits of entropy available)
[    7.168890] random: systemd-udevd: uninitialized urandom read (16 bytes read, 3 bits of entropy available)
[    7.211899] random: udevadm: uninitialized urandom read (16 bytes read, 3 bits of entropy available)
[    7.271352] random: systemd-udevd: uninitialized urandom read (16 bytes read, 3 bits of entropy available)
[    7.278362] random: systemd-udevd: uninitialized urandom read (16 bytes read, 3 bits of entropy available)
[    7.284294] random: systemd-udevd: uninitialized urandom read (16 bytes read, 3 bits of entropy available)
[    7.294853] random: systemd-udevd: uninitialized urandom read (16 bytes read, 3 bits of entropy available)
[    7.581939] e1000: Intel(R) PRO/1000 Network Driver - version 7.3.21-k8-NAPI
[    7.587039] e1000: Copyright (c) 1999-2006 Intel Corporation.
[    7.627549] Fusion MPT base driver 3.04.20
[    7.630119] Copyright (c) 1999-2008 LSI Corporation
[    7.664340] Fusion MPT SPI Host driver 3.04.20
[    7.839335] input: ImExPS/2 Generic Explorer Mouse as /devices/platform/i8042/serio1/input/input4
[    8.171900] e1000 0000:00:03.0 eth0: (PCI:33MHz:32-bit) 02:39:99:10:d1:5e
[    8.175170] e1000 0000:00:03.0 eth0: Intel(R) PRO/1000 Network Connection
[    8.583381] e1000 0000:00:08.0 eth1: (PCI:33MHz:32-bit) 08:00:27:b3:5b:13
[    8.585638] e1000 0000:00:08.0 eth1: Intel(R) PRO/1000 Network Connection
[    8.592017] mptbase: ioc0: Initiating bringup
[    8.595088] e1000 0000:00:03.0 enp0s3: renamed from eth0
[    8.609277] e1000 0000:00:08.0 enp0s8: renamed from eth1
[    8.663760] ioc0: LSI53C1030 A0: Capabilities={Initiator}
[    9.511573] scsi host2: ioc0: LSI53C1030 A0, FwRev=00000000h, Ports=1, MaxQ=256, IRQ=20
[    9.903285] scsi 2:0:0:0: Direct-Access     VBOX     HARDDISK         1.0  PQ: 0 ANSI: 5
[    9.914286] scsi target2:0:0: Beginning Domain Validation
[    9.922651] scsi target2:0:0: Domain Validation skipping write tests
[    9.924544] scsi target2:0:0: Ending Domain Validation
[    9.926320] scsi target2:0:0: asynchronous
[    9.933461] scsi 2:0:1:0: Direct-Access     VBOX     HARDDISK         1.0  PQ: 0 ANSI: 5
[    9.938158] scsi target2:0:1: Beginning Domain Validation
[    9.940928] scsi target2:0:1: Domain Validation skipping write tests
[    9.942734] scsi target2:0:1: Ending Domain Validation
[    9.944338] scsi target2:0:1: asynchronous
[    9.954324] sd 2:0:0:0: Attached scsi generic sg0 type 0
[    9.956215] sd 2:0:0:0: [sda] 20971520 512-byte logical blocks: (10.7 GB/10.0 GiB)
[    9.991712] sd 2:0:1:0: [sdb] 20480 512-byte logical blocks: (10.5 MB/10.0 MiB)
[    9.995199] sd 2:0:0:0: [sda] Write Protect is off
[    9.996923] sd 2:0:0:0: [sda] Incomplete mode parameter data
[    9.998065] sd 2:0:1:0: Attached scsi generic sg1 type 0
[   10.001645] sd 2:0:0:0: [sda] Assuming drive cache: write through
[   10.003635] sd 2:0:1:0: [sdb] Write Protect is off
[   10.006548] sd 2:0:1:0: [sdb] Incomplete mode parameter data
[   10.013522] sd 2:0:1:0: [sdb] Assuming drive cache: write through
[   10.031490]  sda: sda1
[   10.033874] sd 2:0:0:0: [sda] Attached SCSI disk
[   10.085127] sd 2:0:1:0: [sdb] Attached SCSI disk
[   10.632920] floppy0: no floppy controllers found
Begin: Loading essential drivers ... [   12.863456] md: linear personality registered for level -1
[   12.889787] md: multipath personality registered for level -4
[   12.917327] md: raid0 personality registered for level 0
[   12.944815] md: raid1 personality registered for level 1
[   13.047705] raid6: sse2x1   gen()  5105 MB/s
[   13.117643] raid6: sse2x1   xor()  4755 MB/s
[   13.196278] raid6: sse2x2   gen()  6513 MB/s
[   13.269063] raid6: sse2x2   xor()  5918 MB/s
[   13.341110] raid6: sse2x4   gen()  8587 MB/s
[   13.413157] raid6: sse2x4   xor()  7059 MB/s
[   13.414625] raid6: using algorithm sse2x4 gen() 8587 MB/s
[   13.429103] raid6: .... xor() 7059 MB/s, rmw enabled
[   13.438304] raid6: using ssse3x2 recovery algorithm
[   13.444746] xor: measuring software checksum speed
[   13.484751]    prefetch64-sse: 11891.000 MB/sec
[   13.528811]    generic_sse: 10852.000 MB/sec
[   13.530207] xor: using function: prefetch64-sse (11891.000 MB/sec)
[   13.533911] async_tx: api initialized (async)
[   13.560424] md: raid6 personality registered for level 6
[   13.565360] md: raid5 personality registered for level 5
[   13.568732] md: raid4 personality registered for level 4
[   13.656772] md: raid10 personality registered for level 10
done.
Begin: Running /scripts/init-premount ... done.
Begin: Mounting root file system ... Begin: Running /scripts/local-top ... done.
Begin: Running /scripts/local-premount ... [   13.837292] Btrfs loaded
Scanning for Btrfs filesystems
done.
Warning: fsck not present, so skipping root file system
[   14.071812] EXT4-fs (sda1): mounted filesystem with ordered data mode. Opts: (null)
done.
Begin: Running /scripts/local-bottom ... done.
Begin: Running /scripts/init-bottom ... done.
[   14.829503] systemd[1]: systemd 229 running in system mode. (+PAM +AUDIT +SELINUX +IMA +APPARMOR +SMACK +SYSVINIT +UTMP +LIBCRYPTSETUP +GCRYPT +GNUTLS +ACL +XZ -LZ4 +SECCOMP +BLKID +ELFUTILS +KMOD -IDN)
[   14.909790] systemd[1]: Detected virtualization oracle.
[   14.911425] systemd[1]: Detected architecture x86-64.

Welcome to [1mUbuntu 16.04.4 LTS[0m!

[   14.940201] systemd[1]: Set hostname to <ubuntu>.
[   14.969032] systemd[1]: Initializing machine ID from randomenator.
[   15.095671] systemd[1]: Installed transient /etc/machine-id file.

[   15.348952] random: nonblocking pool is initialized
[   16.347111] systemd[1]: Reached target System Time Synchronized.
[[0;32m  OK  [0m] Reached target System Time Synchronized.
[   16.472787] systemd[1]: Listening on LVM2 metadata daemon socket
[[0;32m  OK  [0m] Listening on LVM2 metadata daemon socket.
[   16.542236] systemd[1]: Listening on Syslog Socket.
[[0;32m  OK  [0m] Listening on Syslog Socket.
[   16.547824] systemd[1]: Listening on Journal Audit Socket.
[[0;32m  OK  [0m] Listening on Journal Audit Socket.
[   16.553727] systemd[1]: Listening on Journal Socket (/dev/l).
[[0;32m  OK  [0m] Listening on Journal Socket (/dev/log).
[   16.780476] systemd[1]: Reached target Encrypted Volumes.
[[0;32m  OK  [0m] Reached target Encrypted Volumes.
[ 16.910316] systemd[1]: Listening on udev Kernel Socket.
[[0;32m  OK  [0m] Listening on udev Kernel Socket.
[   17.191873] systemd[1]: Listening on /dev/initctl Compatibility Named Pipe.
[[0;32m  OK  [0m] Listening on /dev/initctl Compatibility Named Pipe.
[   17.208660] systemd[1]: Listening on Journal Socket.
[[0;32m  OK  [0m] Listening on Journal Socket.
[  17.213566] systemd[1]: Listening on udev Control Socket.
[[0;32m  OK  [0m] Listening on udev Control Socket.
[   17.323056] systed[1]: Set up automount Arbitrary Executable File Formats File System Automount Point.
[[0;32m  OK  [0m] Set up automount Arbitrary Executab...ats File System Automount Point.
[   17.382192] systemd[1]: Reached target User and Group Name Lookups.
[[0;32m  OK  [0m] Reached target User and Group Name Lookups.
[   17.438092] systemd[1]: Listening on Device-mapper event daemon FIFOs.
[[0;32m  OK  [0m] Listening on Device-mapper event daemon FIFOs.
[   17.468027] systemd[1]: Created slice System Slice.
[[0;32m  OK  [0m] Created slice System Slice.
[   17.489616] systemd[1]: Starting Nameserver information manager...
         Starting Nameserver information manager...
[   17.510135] systemd[1]: Starting Monitoring of LVM2 mirrors, snapshots etc. using dmeventd or progress polling...
         Starting Monitoring of LVM2 mirrors... dmeventd or progress polling...
[   17.553222] systemd[1]: Mounting Debug File System...
         Mounting Debug File System...
[   17.601533] systemd[1]: Starting Journal Service...
         Starting Journal Service...
[   17.608169] systemd[1]: Created slice system-serial\x2dgetty.slice.
[[0;32m  OK  [0m] Created slice system-serial\x2dgetty.slice.
[   17.649403] systemd[1]: Mounting POSIX Message Queue File System...
         Mounting POSIX Message Queue File System...
[   17.714320] systemd[1]: Starting Load Kernel Modules...
         Starting Load Kernel Modules...
[   17.731459] systemd[1]: Starting Set console keymap...
         Starting Set console keymap...
[   17.758432] systemd[1]: Starting Uncomplicated firewall...
         Starting Uncomplicated firewall...
[   17.793194] systemd[1]: Starting Create list of required static device nodes for the current kernel...
         Starting Create list of required st... nodes for the current kernel...
[   17.833093] systemd[1]: Starting Remount Root and Kernel File Systems...
         Starting Remount Root and Kernel File Systems...
[   17.841129] systemd[1]: Started Forward Password Requests to Wall Directory Watch.
[[0;32m  OK  [0m] Started Forward Password Requests to Wall Directory Watch.
[   17.896643] systemd[1]: Created slice User and Session Slice.
[[0;32m  OK  [0m] Created slice User and Session Slice.
[   17.940289] Loading iSCSI transport class v2.0-870.
[   17.970683] systemd[1]: Mounting Huge Pages File System...
         Mounting Huge Pages File System...
[   17.981639] systemd[1]: Started Trigger resolvconf update for networkd DNS.
[[0;32m  OK  [0m] Started Trigger resolvconf update for networkd DNS.
[   17.993954] systemd[1]: Reached target Slices.
[   18.024807] EXT4-fs (sda1): re-mounted. Opts: (null)
[[0;32m  OK  [0m] Reached target Slices.
[   18.029728] systemd[1]: Reached target Swap.
[[0;32m  OK  [0m] Reached target Swap.
[   18.037473] systemd[1]: Listening on LVM2 poll daemon socket.
[[0;32m  OK  [0m] Listening on LVM2 poll daemon socket.
[   18.088861] systemd[1]: Mounted Debug File System.
[[0;32m  OK  [0m] Mounted Debug File System.
[   18.094775] systemd[1]: Mounted POSIX Message Queue File System.
[[0;32m  OK  [0m] Mounted POSIX Message Queue File System.
[   18.108161] systemd[1]: Mounted Huge Pages File System.
[[0;32m  OK  [0m] Mounted Huge Pages File System.
[   18.112859] iscsi: registered transport (tcp)
[   18.116203] systemd[1]: Started Journal Service.
[[0;32m  OK  [0m] Started Journal Service.
[[0;32m  OK  [0m] Started Uncomplicated firewall.
[[0;32m  OK  [0m] Started Create list of required sta...ce nodes for the current kernel.
[[0;32m  OK  [0m] Started Remount Root and Kernel File Systems.
[[0;32m  OK  [0m] Started Nameserver information manager.
[   18.268479] iscsi: registered transport (iser)
[[0;32m  OK  [0m] Started Load Kernel Modules.
         Starting Apply Kernel Variables...
         Mounting FUSE Control File System...
[[0;32m  OK  [0m] Started LVM2 metadata daemon.
         Starting Load/Save Random Seed...
         Starting udev Coldplug all Devices...
         Starting Initial cloud-init job (pre-networking)...
         Starting Create Static Device Nodes in /dev...
         Starting Flush Journal to Persistent Storage...
[[0;32m  OK  [0m] Mounted FUSE Control File System.
[[0;32m  OK  [0m] Started Apply Kernel Variables.
[[0;32m  OK  [0m] Started Load/Save Random Seed.
[[0;32m  OK  [0m] Started Set console keymap.
[[0;32m  OK  [0m] Started Flush Journal to Persistent Storage.
[[0;32m  OK  [0m] Started Create Static Device Nodes in /dev.
         Starting udev Kernel Device Manager...
[[0;32m  OK  [0m] Started Monitoring of LVM2 mirrors,...ng dmeventd or progress polling.
[[0;32m  OK  [0m] Started udev Kernel Device Manager.
[[0;32m  OK  [0m] Reached target Local File Systems (Pre).
[[0;32m  OK  [0m] Reached target Local File Systems.
         Starting Create Volatile Files and Directories...
         Starting Tell Plymouth To Write Out Runtime Data...
         Starting Commit a transient machine-id on disk...
         Starting Set console font and keymap...
         Starting LSB: AppArmor initialization...
[[0;32m  OK  [0m] Started Tell Plymouth To Write Out Runtime Data.
[[0;32m  OK  [0m] Started Commit a transient machine-id on disk.
[[0;32m  OK  [0m] Started Create Volatile Files and Directories.
         Starting Update UTMP about System Boot/Shutdown...
[[0;32m  OK  [0m] Started Update UTMP about System Boot/Shutdown.
[[0;32m  OK  [0m] Started udev Coldplug all Devices.
[[0;32m  OK  [0m] Started Dispatch Password Requests to Console Directory Watch.
[[0;32m  OK  [0m] Found device /dev/ttyS0.
[[0;32m  OK  [0m] Listening on Load/Save RF Kill Switch Status /dev/rfkill Watch.
[[0;32m  OK  [0m] Started LSB: AppArmor initialization.
[   23.914894] cloud-init[437]: Cloud-init v. 17.2 running 'init-local' at Thu, 31 May 2018 10:25:06 +0000. Up 21.77 seconds.
[[0;32m  OK  [0m] Started Initial cloud-init job (pre-networking).
[[0;32m  OK  [0m] Reached target Network (Pre).
         Starting Raise network interfaces...
[[0;32m  OK  [0m] Started Set console font and keymap.
[[0;32m  OK  [0m] Created slice system-getty.slice.
[[0;32m  OK  [0m] Started Raise network interfaces.
         Starting Initial cloud-init job (metadata service crawler)...
[[0;32m  OK  [0m] Reached target Network.
[   30.798467] cloud-init[949]: Cloud-init v. 17.2 running 'init' at Thu, 31 May 2018 10:25:11 +0000. Up 27.47 seconds.
[   30.816938] cloud-init[949]: ci-info: ++++++++++++++++++++++++++++++++++++++Net device info++++++++++++++++++++++++++++++++++++++
[   30.830764] cloud-init[949]: ci-info: +--------+-------+----------------------------+---------------+-------+-------------------+
[   30.841308] cloud-init[949]: ci-info: | Device |   Up  |          Address           |      Mask     | Scope |     Hw-Address    |
[   30.853830] cloud-init[949]: ci-info: +--------+-------+----------------------------+---------------+-------+-------------------+
[   30.869686] cloud-init[949]: ci-info: | enp0s3 |  True |         10.0.2.15          | 255.255.255.0 |   .   | 02:39:99:10:d1:5e |
[   30.882875] cloud-init[949]: ci-info: | enp0s3 |  True | fe80::39:99ff:fe10:d15e/64 |       .       |  link | 02:39:99:10:d1:5e |
[   30.896145] cloud-init[949]: ci-info: | enp0s8 | False |             .              |       .       |   .   | 08:00:27:b3:5b:13 |
[   30.909753] cloud-init[949]: ci-info: |   lo   |  True |         127.0.0.1          |   255.0.0.0   |   .   |         .         |
[   30.924596] cloud-init[949]: ci-info: |   lo   |  True |          ::1/128           |       .       |  host |         .         |
[   30.936857] cloud-init[949]: ci-info: +--------+-------+----------------------------+---------------+-------+-------------------+
[   30.957168] cloud-init[949]: ci-info: +++++++++++++++++++++++++++Route IPv4 info++++++++++++++++++++++++++++
[   31.050209] cloud-init[949]: ci-info: +-------+-------------+----------+---------------+-----------+-------+
[   31.193724] cloud-init[949]: ci-info: | Route | Destination | Gateway  |    Genmask    | Interface | Flags |
[[0;32m  OK  [0m] Started Initial cloud-init job (metadata service crawler).
[[0;32m  OK  [0m] Reached target Cloud-config availability.
[[0;32m  OK  [0m] Reached target System Initialization.
[[0;32m  OK  [0m] Listening on D-Bus System Message Bus Socket.
[[0;32m  OK  [0m] Listening on UUID daemon activation socket.
[   31.257716] cloud-init[949]: ci-info: +-------+-------------+----------+---------------+-----------+-------+
[   31.413276] cloud-init[949]: ci-info: |   0   |   0.0.0.0   | 10.0.2.2 |    0.0.0.0    |   enp0s3  |   UG  |
[   31.523544] [[0;32m  OK  [0m] Started Daily apt download activities.
[[0;32m  OK  [0m] Started Timer to automatically refresh installed snaps.
cloud-init[949]: ci-info: |   1   |   10.0.2.0  | 0.0.0.0  | 255.255.255.0 |   enp0s3  |   U   |
[   31.609750] cloud-init[949]: ci-info: +-------+-------------+----------+---------------+-----------+-------+
[[0;32m  OK  [0m] Started ACPI Events Check.
[[0;32m  OK  [0m] Reached target Paths.
[   31.626551] cloud-init[949]: Generating public/private rsa key pair.
[   31.646300] cloud-init[949]: Your identification has been saved in /etc/ssh/ssh_host_rsa_key.
[   31.652567] cloud-init[949]: Your public key has been saved in /etc/ssh/ssh_host_rsa_key.pub.
         Starting Socket activation for snappy daemon.
[   31.666802] cloud-init[949]: The key fingerprint is:
[   31.673047] cloud-init[949]: SHA256:TuBOkl3VYjEJMxply7K7tAmF5WdM+zTilw6wI7G0Y34 root@ubuntu-xenial[[0;32m  OK  [0m] Listening on ACPID Listen Socket.

[   31.683908] cloud-init[949]: The key's randomart image is:
[[0;32m  OK  [0m] Started Daily apt upgrade and clean activities.
[   31.693975] cloud-init[949]: +---[RSA 2048]----+
[   31.699862] cloud-init[949]: |      ..*.++     |
[   31.703493] cloud-init[949]: |       = =+..    |
[   31.707522] cloud-init[949]: |      = =. .     |
[   31.710680] cloud-init[949]: |     B B .       |
[   31.714087] cloud-init[949]: |    * O S o      |
[   31.717276] cloud-init[949]: |   . O X + o     |
[   31.727737] cloud-init[949]: |    B * + +      |
         Starting LXD - unix socket.
[   31.744413] cloud-init[949]: |   o =E= +       |
[[0;32m  OK  [0m] Started Daily Cleanup of Temporary Directories.
[   31.764639] cloud-init[949]: |    ..+   .      |
[   31.773691] cloud-init[949]: +----[SHA256]-----+
[   31.776277] cloud-init[949]: Generating public/private dsa key pair.
[[0;32m  OK  [0m] Reached target Timers.
[[0;32m  OK  [0m] Reached target Network is Online.
[   31.792226] cloud-init[949]: Your identification has been saved in /etc/ssh/ssh_host_dsa_key.
[   31.804363] cloud-init[949]: Your public key has been saved in /etc/ssh/ssh_host_dsa_key.pub.
[   31.815306] cloud-init[949]: The key fingerprint is:
[   31.820843] cloud-init[949]: SHA256:+7JsHjuqjohNL0ieRZIzGbat9trZTBXn0638vQspnGc root@ubuntu-xenial
[   31.827060] cloud-init[949]: The key's randomart image is:
[   31.831507] cloud-init[949]: +---[DSA 1024]----+
[   31.846951] cloud-init[949]: |                 |
[   31.853406] cloud-init[949]: | o               |
[   31.859424] cloud-init[949]: |. *    . .       |
[   31.867940] cloud-init[949]: | B o    + . .    |
         Starting iSCSI initiator daemon (iscsid)...
[   31.881075] cloud-init[949]: |  *    .So . .   |
[   31.967867] cloud-init[949]: | + .  .  .+ o .  |
[   32.001817] cloud-init[949]: |+.=  .  o  * E   |
[   32.024890] cloud-init[949]: |o*o+=  .++  = o  |
[[0;32m  OK  [0m] Listening on Socket activation for snappy daemon.
[   32.030707] cloud-init[949]: |o.+=++.+=+.  . +o|
[[0;32m  OK  [0m[   32.062262] ] cloud-initListening on LXD - unix socket.[949]: 
+----[SHA256]-----+
[   32.062626] cloud-init[949]: Generating public/private ecdsa key pair.
[   32.131323] cloud-init[949]: Your identification has been saved in /etc/ssh/ssh_host_ecdsa_key.
[   32.137061] cloud-init[949]: Your public key has been saved in /etc/ssh/ssh_host_ecdsa_key.pub.
[   32.146699] cloud-init[949]: The key fingerprint is:
[   32.150886] cloud-init[949]: SHA256:0VCsnD7nUPzzGz7wOcjzSI3mXSr7ZvK2kGw/J7KZk9A root@ubuntu-xenial
[   32.187942] cloud-init[949]: The key's randomart image is:
[   32.202990] cloud-init[949]: +---[ECDSA 256]---+
[   32.274298] cloud-init[949]: |        .o.      |
[[0;32m  OK  [0m] Reached target Sockets.
[   32.275335] cloud-init[949]: |         o.      |
[[0;32m  OK  [0m[   32.280273] cloud-init[949]: |       ..+.      |
] Reached target Basic System.
[   32.281731] cloud-init[949]: |        +.o      |
[   32.312055] cloud-init[949]: |       .S. o     |
[   32.322604] cloud-init[949]: |        + o.E+   |
[   32.325711] cloud-init[949]: |         = oOBo..|
[   32.328579] cloud-init[949]: |          .=XO%+.|
[   32.341899] cloud-init[949]: |            B/@O |
[   32.349404]          Starting LXD - container startup/shutdown...
cloud-init[949]: +----[SHA256]-----+
[   32.369545] cloud-init[949]: Generating public/private ed25519 key pair.
[   32.376498] cloud-init[949]: Your identification has been saved in /etc/ssh/ssh_host_ed25519_key.
[   32.385065] cloud-init[949]: Your public key has been saved in /etc/ssh/ssh_host_ed25519_key.pub.
[   32.392971] cloud-init[949]: The key fingerprint is:
[   32.397854] cloud-init[949]: SHA256:/QMiXsBe6sMOIONE+ugKNssaUlSerdMD4QQniJ5Y0Iw root@ubuntu-xenial
[   32.405818] cloud-init[949]: The key's randomart image is:
[   32.411096] cloud-init[949]: +--[ED25519 256]--+
[   32.415718] cloud-init[949]: |o*o.=            |
[   32.464982] cloud-init[949]: |E +B =           |
[   32.537119] cloud-init[949]: |ooo = + .        |
[   32.544423] cloud-init[949]: |++   = + .       |
[   32.551407] cloud-init[949]: |+.o o * S o      |
[   32.552669] cloud-init[949]: |o* . = + . o     |
[   32.558833] cloud-init[949]: |=+. . =     o    |
[   32.559139] cloud-init[949]: |*.o  o .     .   |
[   32.561023] cloud-init[949]: |=+    .          |
[   32.561253] cloud-init[949]: +----[SHA256]-----+
         Starting LSB: MD monitoring daemon...
         Starting Virtualbox guest utils...
         Starting /etc/rc.local Compatibility...
[[0;32m  OK  [0m] Started ACPI event daemon.
         Starting Apply the settings specified in cloud-config...
[[0;32m  OK  [0m] Started Regular background program processing daemon.
[[0;32m  OK  [0m] Started Deferred execution scheduler.
         Starting Pollinate to seed the pseudo random number generator...
[[0;32m  OK  [0m] Started D-Bus System Message Bus.
         Starting Snappy daemon...
         Starting LSB: Record successful boot for GRUB...
         Starting System Logging Service...
[[0;32m  OK  [0m] Started FUSE filesystem for LXC.
         Starting Login Service...
         Starting Accounts Service...
[[0;32m  OK  [0m] Started Unattended Upgrades Shutdown.
[[0;32m  OK  [0m] Started iSCSI initiator daemon (iscsid).
[[0;32m  OK  [0m] Started /etc/rc.local Compatibility.
[[0;32m  OK  [0m] Started System Logging Service.
[[0;32m  OK  [0m] Started LXD - container startup/shutdown.
[[0;32m  OK  [0m] Started Login Service.
         Starting Login to default iSCSI targets...
         Starting Authenticate and Authorize Users to Run Privileged Tasks...
[[0;32m  OK  [0m] Started LSB: MD monitoring daemon.
[[0;32m  OK  [0m] Started LSB: Record successful boot for GRUB.
[[0;32m  OK  [0m] Started Login to default iSCSI targets.
[[0;32m  OK  [0m] Reached target Remote File Systems (Pre).
[[0;32m  OK  [0m] Reached target Remote File Systems.
         Starting LSB: Set the CPU Frequency Scaling governor to "ondemand"...
         Starting Permit User Sessions...
         Starting LSB: automatic crash report generation...
         Starting LSB: daemon to balance interrupts for SMP systems...
[[0;32m  OK  [0m] Started Permit User Sessions.
[[0;32m  OK  [0m] Started Authenticate and Authorize Users to Run Privileged Tasks.
[[0;32m  OK  [0m] Started Accounts Service.
         Starting Terminate Plymouth Boot Screen...
         Starting Hold until boot process finishes up...
[[0;32m  OK  [0m] Started Snappy daemon.
[[0;32m  OK  [0m] Started Terminate Plymouth Boot Screen.
[[0;32m  OK  [0m] Started Hold until boot process finishes up.
[[0;32m  OK  [0m] Started Serial Getty on ttyS0.
         Starting Set console scheme...
[[0;32m  OK  [0m] Started Getty on tty1.
[[0;32m  OK  [0m] Reached target Login Prompts.
[[0;32m  OK  [0m] Started Set console scheme.
[[0;32m  OK  [0m] Started LSB: Set the CPU Frequency Scaling governor to "ondemand".
[[0;32m  OK  [0m] Started Virtualbox guest utils.
[[0;32m  OK  [0m] Started LSB: daemon to balance interrupts for SMP systems.
[[0;32m  OK  [0m] Started LSB: automatic crash report generation.
[   39.542961] cloud-init[1069]: Generating locales (this might take a while)...
[[0;32m  OK  [0m] Started Pollinate to seed the pseudo random number generator.
         Starting OpenBSD Secure Shell server...
[[0;32m  OK  [0m] Started OpenBSD Secure Shell server.
[[0;32m  OK  [0m] Reached target Multi-User System.
[[0;32m  OK  [0m] Reached target Graphical Interface.
         Starting Update UTMP about System Runlevel Changes...
[[0;32m  OK  [0m] Started Update UTMP about System Runlevel Changes.
[[0;32m  OK  [0m] Created slice User Slice of vagrant.
         Starting User Manager for UID 1000...
[[0;32m  OK  [0m] Started Session 1 of user vagrant.
[[0;32m  OK  [0m] Started User Manager for UID 1000.

Ubuntu 16.04.4 LTS ubuntu-xenial ttyS0

ubuntu-xenial login: [   44.226496] cloud-init[1069]:   en_US.UTF-8... done
[   44.256630] cloud-init[1069]: Generation complete.
[   48.053761] cloud-init[1069]: Cloud-init v. 17.2 running 'modules:config' at Thu, 31 May 2018 10:25:22 +0000. Up 38.53 seconds.
ci-info: no authorized ssh keys fingerprints found for user ubuntu.
<14>May 31 10:25:33 ec2: 
<14>May 31 10:25:33 ec2: #############################################################
<14>May 31 10:25:33 ec2: -----BEGIN SSH HOST KEY FINGERPRINTS-----
<14>May 31 10:25:33 ec2: 1024 SHA256:+7JsHjuqjohNL0ieRZIzGbat9trZTBXn0638vQspnGc root@ubuntu-xenial (DSA)
<14>May 31 10:25:33 ec2: 256 SHA256:0VCsnD7nUPzzGz7wOcjzSI3mXSr7ZvK2kGw/J7KZk9A root@ubuntu-xenial (ECDSA)
<14>May 31 10:25:33 ec2: 256 SHA256:/QMiXsBe6sMOIONE+ugKNssaUlSerdMD4QQniJ5Y0Iw root@ubuntu-xenial (ED25519)
<14>May 31 10:25:33 ec2: 2048 SHA256:TuBOkl3VYjEJMxply7K7tAmF5WdM+zTilw6wI7G0Y34 root@ubuntu-xenial (RSA)
<14>May 31 10:25:33 ec2: -----END SSH HOST KEY FINGERPRINTS-----
<14>May 31 10:25:33 ec2: #############################################################
-----BEGIN SSH HOST KEY KEYS-----
ecdsa-sha2-nistp256 AAAAE2VjZHNhLXNoYTItbmlzdHAyNTYAAAAIbmlzdHAyNTYAAABBBCAYKzzOlbpd5PtMEakxaPnEyKeQ7g3Fhewdd7iGb2a48dtpFqwRMN+MSiyMn6AfjL+YrjpCw3VKwtKhblO5qxI= root@ubuntu-xenial
ssh-ed25519 AAAAC3NzaC1lZDI1NTE5AAAAIAqm1m9mGlfe5256xeaziWqFU+gnyVjGxvJE7w4lMJXv root@ubuntu-xenial
ssh-rsa AAAAB3NzaC1yc2EAAAADAQABAAABAQDh10MujlBBBosHClCQDuAekih2erWvn68zxvYhgwGAytkmNbZEyxYg5o61DedAz0o4LHEGhn2A1G2UdzMcm7unDi6mgt2n13JUHfZeKjhkzw3OWXHqwAsIsvbVGsyR+yWQBKBb9eqUmu/gainR3jhy4BSx72glNjfN4wZcv2st2BA3OTz354ma2W9+NKRt8AG0h0e2+mAsrr0Jm5WWVyNa9/nkaTQBwcahmmO56Eh5+vi5Ozc4ZqSEfijuyo+SLl7KoD0TbNM/TN/pQGegfiAOYUv8pp6tOtRxvvsKb06XIraj3h/MTtxB05nQV0kqMDjQIf4oKLVyTnm+UJ6Z5a4R root@ubuntu-xenial
-----END SSH HOST KEY KEYS-----
[   50.050253] cloud-init[1455]: Cloud-init v. 17.2 running 'modules:final' at Thu, 31 May 2018 10:25:33 +0000. Up 49.20 seconds.
[   50.052158] cloud-init[1455]: ci-info: no authorized ssh keys fingerprints found for user ubuntu.
[   50.052974] cloud-init[1455]: Cloud-init v. 17.2 finished at Thu, 31 May 2018 10:25:34 +0000. Datasource DataSourceNoCloud [seed=/dev/sdb][dsmode=net].  Up 49.97 seconds
